#
# A fatal error has been detected by the Java Runtime Environment:
#
#  SIGSEGV (0xb) at pc=0x0000000106cf4dae, pid=21054, tid=43267
#
# JRE version: Java(TM) SE Runtime Environment 18.9 (11.0.7+8) (build 11.0.7+8-LTS)
# Java VM: Java HotSpot(TM) 64-Bit Server VM 18.9 (11.0.7+8-LTS, mixed mode, tiered, compressed oops, g1 gc, bsd-amd64)
# Problematic frame:
# V  [libjvm.dylib+0x2f4dae]  G1CodeRootSetTable::remove(nmethod*)+0x24
#
# No core dump will be written. Core dumps have been disabled. To enable core dumping, try "ulimit -c unlimited" before starting Java again
#
# If you would like to submit a bug report, please visit:
#   https://bugreport.java.com/bugreport/crash.jsp
#

---------------  S U M M A R Y ------------

Command Line: -ea -Didea.test.cyclic.buffer.size=1048576 -javaagent:/Applications/IntelliJ IDEA.app/Contents/lib/idea_rt.jar=54869:/Applications/IntelliJ IDEA.app/Contents/bin -Dfile.encoding=UTF-8 com.intellij.rt.junit.JUnitStarter -ideVersion5 -junit5 top.chendaye666.simrank.SearchTests,search

Host: MacBookPro14,1 x86_64 1992 MHz, 8 cores, 12G, Darwin 19.5.0
Time: Wed Feb 10 15:15:02 2021 CST elapsed time: 37 seconds (0d 0h 0m 37s)

---------------  T H R E A D  ---------------

Current thread (0x00007ffe3008b800):  JavaThread "Sweeper thread" daemon [_thread_in_vm, id=43267, stack(0x000070000e944000,0x000070000ea44000)]

Stack: [0x000070000e944000,0x000070000ea44000],  sp=0x000070000ea43a48,  free space=1022k
Native frames: (J=compiled Java code, A=aot compiled Java code, j=interpreted, Vv=VM code, C=native code)
V  [libjvm.dylib+0x2f4dae]  G1CodeRootSetTable::remove(nmethod*)+0x24
V  [libjvm.dylib+0x3778ea]  HeapRegionRemSet::remove_strong_code_root(nmethod*)+0x4a
V  [libjvm.dylib+0x619772]  nmethod::oops_do(OopClosure*, bool)+0xbc
V  [libjvm.dylib+0x2fcc9f]  G1CollectedHeap::unregister_nmethod(nmethod*)+0x5f
V  [libjvm.dylib+0x61901d]  nmethod::make_not_entrant_or_zombie(int)+0x28d
V  [libjvm.dylib+0x70600c]  NMethodSweeper::process_compiled_method(CompiledMethod*)+0x108
V  [libjvm.dylib+0x705ace]  NMethodSweeper::sweep_code_cache()+0x13e
V  [libjvm.dylib+0x705665]  NMethodSweeper::possibly_sweep()+0x111
V  [libjvm.dylib+0x70554e]  NMethodSweeper::sweeper_loop()+0x11c
V  [libjvm.dylib+0x733e50]  JavaThread::thread_main_inner()+0x82
V  [libjvm.dylib+0x733c9b]  JavaThread::run()+0x1a3
V  [libjvm.dylib+0x731c6e]  Thread::call_run()+0x60
V  [libjvm.dylib+0x636bb3]  thread_native_entry(Thread*)+0x139
C  [libsystem_pthread.dylib+0x6109]  _pthread_start+0x94
C  [libsystem_pthread.dylib+0x1b8b]  thread_start+0xf


siginfo: si_signo: 11 (SIGSEGV), si_code: 1 (SEGV_MAPERR), si_addr: 0x00007ffe00000010

Register to memory mapping:

RAX=0x00007ffe00000000 is an unknown value
RBX=0x00007ffe2ef19838 points into unknown readable memory: 40 d0 f7 2e fe 7f 00 00
RCX=0x00007ffe00000000 is an unknown value
RDX=0x00007ffe372b2600 points into unknown readable memory: 05 00 00 00 03 00 00 00
RSP=0x000070000ea43a48 is pointing into the stack for thread: 0x00007ffe3008b800
RBP=0x000070000ea43a60 is pointing into the stack for thread: 0x00007ffe3008b800
RSI=0x0000000113b6fc90 is at entry_point+-464 in (nmethod*)0x0000000113b6fc90
RDI=0x00007ffe2ef7d040 points into unknown readable memory: 00 02 00 00 00 00 00 00
R8 =0x0000000106f5a17f: _ZN5Arena7AmallocEmN17AllocFailStrategy13AllocFailEnumE+0x4f in /usr/local/jdk-11.0.7.jdk/Contents/Home/lib/server/libjvm.dylib at 0x0000000106a00000
R9 =0x00007ffe2ef5dc30 points into unknown readable memory: f8 4c 96 28 01 00 00 00
R10=0x00007ffe2ee00000 points into unknown readable memory: 00 00 00 00 00 00 00 00
R11=0x00007ffe2ee15140 points into unknown readable memory: 8c 14 ee e2 ff 07 00 30
R12=0x0000000113b6fc90 is at entry_point+-464 in (nmethod*)0x0000000113b6fc90
R13=0x0000000113b6fc90 is at entry_point+-464 in (nmethod*)0x0000000113b6fc90
R14=0x000000002ef5e801 is an unknown value
R15=0x0 is NULL


Registers:
RAX=0x00007ffe00000000, RBX=0x00007ffe2ef19838, RCX=0x00007ffe00000000, RDX=0x00007ffe372b2600
RSP=0x000070000ea43a48, RBP=0x000070000ea43a60, RSI=0x0000000113b6fc90, RDI=0x00007ffe2ef7d040
R8 =0x0000000106f5a17f, R9 =0x00007ffe2ef5dc30, R10=0x00007ffe2ee00000, R11=0x00007ffe2ee15140
R12=0x0000000113b6fc90, R13=0x0000000113b6fc90, R14=0x000000002ef5e801, R15=0x0000000000000000
RIP=0x0000000106cf4dae, EFLAGS=0x0000000000010206, ERR=0x0000000000000004
  TRAPNO=0x000000000000000e

Top of Stack: (sp=0x000070000ea43a48)
0x000070000ea43a48:   0000000106cf5093 00007ffe2ef19838
0x000070000ea43a58:   000000002ef5e801 000070000ea43a90
0x000070000ea43a68:   0000000106d778ea 000070000ea43b18
0x000070000ea43a78:   000000010732ba08 000070000ea43b88
0x000070000ea43a88:   000070000ea43aa8 000070000ea43b70
0x000070000ea43a98:   0000000107019772 00007ffe2ef5d6c0
0x000070000ea43aa8:   0000000000000000 0000000113b6fe04
0x000070000ea43ab8:   0000000113b6fe48 0000000113b6fc90
0x000070000ea43ac8:   0000000113b6ffc3 000070000ea43b20
0x000070000ea43ad8:   0000000106f5a17f 00007ffe2e000000
0x000070000ea43ae8:   0000000113b6fe60 0000000113b6fe60
0x000070000ea43af8:   0000000113b700c0 0000000113b6fe60
0x000070000ea43b08:   0000000113b700c0 0000000113b70168
0x000070000ea43b18:   000000010732ba08 000070000ea43aa8
0x000070000ea43b28:   0000000000000000 000070000ea43b60
0x000070000ea43b38:   0000000106f5a2c0 0000000106cffb0c
0x000070000ea43b48:   0000000113b6fc90 0000000007327201
0x000070000ea43b58:   0000000113b6fc90 00007ffe30022a00
0x000070000ea43b68:   0000000000000000 000070000ea43bb0
0x000070000ea43b78:   0000000106cfcc9f 00007ffe2ed0ab10
0x000070000ea43b88:   00000001073180e0 00007ffe30022a00
0x000070000ea43b98:   0000000113b6fc90 00007ffe2ed0ab10
0x000070000ea43ba8:   0000000000000003 000070000ea43c40
0x000070000ea43bb8:   000000010701901d 0000000113b700c0
0x000070000ea43bc8:   0000000128964cf8 0000000113b700c0
0x000070000ea43bd8:   0000000113b70168 000000010732bb20
0x000070000ea43be8:   000070000ea43b70 0000000113b6ffcd
0x000070000ea43bf8:   00007ffe00000000 0000000128964cf8
0x000070000ea43c08:   00007ffe3008b800 073272012ef5d6f0
0x000070000ea43c18:   0000000113b6fc90 00007ffe3008b800
0x000070000ea43c28:   00000000000003b0 0000000007327201
0x000070000ea43c38:   00007ffe2ed0c010 000070000ea43c70 

Instructions: (pc=0x0000000106cf4dae)
0x0000000106cf4d8e:   c1 e9 07 89 f0 31 c8 31 d2 f7 37 48 8b 47 08 48
0x0000000106cf4d9e:   63 ca 48 8b 0c c8 48 85 c9 74 18 31 d2 48 89 c8
0x0000000106cf4dae:   48 39 70 10 74 11 48 8b 48 08 48 89 c2 48 83 e1
0x0000000106cf4dbe:   fe 75 ea 31 c0 eb 0f 55 48 89 e5 48 89 c6 e8 4b 

Stack slot to memory mapping:
stack at sp + 0 slots: 0x0000000106cf5093: _ZN13G1CodeRootSet6removeEP7nmethod+0x17 in /usr/local/jdk-11.0.7.jdk/Contents/Home/lib/server/libjvm.dylib at 0x0000000106a00000
stack at sp + 1 slots: 0x00007ffe2ef19838 points into unknown readable memory: 40 d0 f7 2e fe 7f 00 00
stack at sp + 2 slots: 0x000000002ef5e801 is an unknown value
stack at sp + 3 slots: 0x000070000ea43a90 is pointing into the stack for thread: 0x00007ffe3008b800
stack at sp + 4 slots: 0x0000000106d778ea: _ZN16HeapRegionRemSet23remove_strong_code_rootEP7nmethod+0x4a in /usr/local/jdk-11.0.7.jdk/Contents/Home/lib/server/libjvm.dylib at 0x0000000106a00000
stack at sp + 5 slots: 0x000070000ea43b18 is pointing into the stack for thread: 0x00007ffe3008b800
stack at sp + 6 slots: 0x000000010732ba08: _ZTV14oop_Relocation+0x10 in /usr/local/jdk-11.0.7.jdk/Contents/Home/lib/server/libjvm.dylib at 0x0000000106a00000
stack at sp + 7 slots: 0x000070000ea43b88 is pointing into the stack for thread: 0x00007ffe3008b800


---------------  P R O C E S S  ---------------

Threads class SMR info:
_java_thread_list=0x00007ffe36c40020, length=13, elements={
0x00007ffe3001a000, 0x00007ffe2f80e000, 0x00007ffe2f80c000, 0x00007ffe3008a000,
0x00007ffe32063000, 0x00007ffe30099800, 0x00007ffe3008b800, 0x00007ffe330ab800,
0x00007ffe2f88a000, 0x00007ffe2f88b000, 0x00007ffe332e8800, 0x00007ffe2f31b000,
0x00007ffe380d1000
}

Java Threads: ( => current thread )
  0x00007ffe3001a000 JavaThread "main" [_thread_in_vm, id=10499, stack(0x000070000dc1a000,0x000070000dd1a000)]
  0x00007ffe2f80e000 JavaThread "Reference Handler" daemon [_thread_blocked, id=13571, stack(0x000070000e32f000,0x000070000e42f000)]
  0x00007ffe2f80c000 JavaThread "Finalizer" daemon [_thread_blocked, id=13827, stack(0x000070000e432000,0x000070000e532000)]
  0x00007ffe3008a000 JavaThread "Signal Dispatcher" daemon [_thread_blocked, id=17411, stack(0x000070000e63b000,0x000070000e73b000)]
  0x00007ffe32063000 JavaThread "C2 CompilerThread0" daemon [_thread_blocked, id=16131, stack(0x000070000e73e000,0x000070000e83e000)]
  0x00007ffe30099800 JavaThread "C1 CompilerThread0" daemon [_thread_blocked, id=16643, stack(0x000070000e841000,0x000070000e941000)]
=>0x00007ffe3008b800 JavaThread "Sweeper thread" daemon [_thread_in_vm, id=43267, stack(0x000070000e944000,0x000070000ea44000)]
  0x00007ffe330ab800 JavaThread "Common-Cleaner" daemon [_thread_blocked, id=22019, stack(0x000070000ea47000,0x000070000eb47000)]
  0x00007ffe2f88a000 JavaThread "Monitor Ctrl-Break" daemon [_thread_in_native, id=22531, stack(0x000070000eb4a000,0x000070000ec4a000)]
  0x00007ffe2f88b000 JavaThread "Service Thread" daemon [_thread_blocked, id=42243, stack(0x000070000ec4d000,0x000070000ed4d000)]
  0x00007ffe332e8800 JavaThread "Attach Listener" daemon [_thread_blocked, id=25603, stack(0x000070000f362000,0x000070000f462000)]
  0x00007ffe2f31b000 JavaThread "Cleaner-0" daemon [_thread_blocked, id=38915, stack(0x000070000f66b000,0x000070000f76b000)]
  0x00007ffe380d1000 JavaThread "globalEventExecutor-1-2" [_thread_blocked, id=78855, stack(0x00007000114c5000,0x00007000115c5000)]

Other Threads:
  0x00007ffe33035000 VMThread "VM Thread" [stack: 0x000070000e22c000,0x000070000e32c000] [id=13059]
  0x00007ffe3100b800 WatcherThread [stack: 0x000070000ed50000,0x000070000ee50000] [id=23555]
  0x00007ffe30026800 GCTaskThread "GC Thread#0" [stack: 0x000070000dd1d000,0x000070000de1d000] [id=11011]
  0x00007ffe2fa67800 GCTaskThread "GC Thread#1" [stack: 0x000070000ef56000,0x000070000f056000] [id=41219]
  0x00007ffe2f8a2000 GCTaskThread "GC Thread#2" [stack: 0x000070000f059000,0x000070000f159000] [id=24067]
  0x00007ffe2fa68000 GCTaskThread "GC Thread#3" [stack: 0x000070000f15c000,0x000070000f25c000] [id=40707]
  0x00007ffe2ff6b800 GCTaskThread "GC Thread#4" [stack: 0x000070000f76e000,0x000070000f86e000] [id=24843]
  0x00007ffe2ff5d000 GCTaskThread "GC Thread#5" [stack: 0x000070000ff86000,0x0000700010086000] [id=35843]
  0x00007ffe2ffff000 GCTaskThread "GC Thread#6" [stack: 0x0000700010089000,0x0000700010189000] [id=29699]
  0x00007ffe2ff94000 GCTaskThread "GC Thread#7" [stack: 0x000070001018c000,0x000070001028c000] [id=30211]
  0x00007ffe32037000 ConcurrentGCThread "G1 Main Marker" [stack: 0x000070000de20000,0x000070000df20000] [id=11267]
  0x00007ffe32037800 ConcurrentGCThread "G1 Conc#0" [stack: 0x000070000df23000,0x000070000e023000] [id=12291]
  0x00007ffe30468800 ConcurrentGCThread "G1 Conc#1" [stack: 0x000070000f465000,0x000070000f565000] [id=25859]
  0x00007ffe30087000 ConcurrentGCThread "G1 Refine#0" [stack: 0x000070000e026000,0x000070000e126000] [id=12547]
  0x00007ffe32058800 ConcurrentGCThread "G1 Young RemSet Sampling" [stack: 0x000070000e129000,0x000070000e229000] [id=19971]

Threads with active compile tasks:
C1 CompilerThread08667       3       jdk.internal.misc.VM::isSystemDomainLoader (17 bytes)

VM state:not at safepoint (normal execution)

VM Mutex/Monitor currently owned by a thread:  ([mutex/lock_event])
[0x00007ffe2ed0ab10] CodeCache_lock - owner thread: 0x00007ffe3008b800
[0x00007ffe2ed0c390] Compile_lock - owner thread: 0x00007ffe3001a000

Heap address: 0x0000000740000000, size: 3072 MB, Compressed Oops mode: Zero based, Oop shift amount: 3
Narrow klass base: 0x0000000800000000, Narrow klass shift: 0
Compressed class space size: 1073741824 Address: 0x0000000800000000

Heap:
 garbage-first heap   total 315392K, used 95434K [0x0000000740000000, 0x0000000800000000)
  region size 1024K, 67 young (68608K), 12 survivors (12288K)
 Metaspace       used 95186K, capacity 100058K, committed 100124K, reserved 1132544K
  class space    used 13799K, capacity 16209K, committed 16236K, reserved 1048576K
Heap Regions: E=young(eden), S=young(survivor), O=old, HS=humongous(starts), HC=humongous(continues), CS=collection set, F=free, A=archive, TAMS=top-at-mark-start (previous, next)
|   0|0x0000000740000000, 0x0000000740100000, 0x0000000740100000|100%| O|  |TAMS 0x0000000740100000, 0x0000000740000000| Untracked 
|   1|0x0000000740100000, 0x0000000740200000, 0x0000000740200000|100%| O|  |TAMS 0x0000000740200000, 0x0000000740100000| Untracked 
|   2|0x0000000740200000, 0x0000000740300000, 0x0000000740300000|100%| O|  |TAMS 0x0000000740300000, 0x0000000740200000| Untracked 
|   3|0x0000000740300000, 0x0000000740400000, 0x0000000740400000|100%| O|  |TAMS 0x0000000740400000, 0x0000000740300000| Untracked 
|   4|0x0000000740400000, 0x0000000740500000, 0x0000000740500000|100%| O|  |TAMS 0x0000000740500000, 0x0000000740400000| Untracked 
|   5|0x0000000740500000, 0x0000000740600000, 0x0000000740600000|100%| O|  |TAMS 0x0000000740600000, 0x0000000740500000| Untracked 
|   6|0x0000000740600000, 0x0000000740700000, 0x0000000740700000|100%| O|  |TAMS 0x0000000740700000, 0x0000000740600000| Untracked 
|   7|0x0000000740700000, 0x0000000740800000, 0x0000000740800000|100%| O|  |TAMS 0x0000000740800000, 0x0000000740700000| Untracked 
|   8|0x0000000740800000, 0x0000000740900000, 0x0000000740900000|100%| O|  |TAMS 0x0000000740900000, 0x0000000740800000| Untracked 
|   9|0x0000000740900000, 0x0000000740a00000, 0x0000000740a00000|100%| O|  |TAMS 0x0000000740a00000, 0x0000000740900000| Untracked 
|  10|0x0000000740a00000, 0x0000000740b00000, 0x0000000740b00000|100%| O|  |TAMS 0x0000000740b00000, 0x0000000740a00000| Untracked 
|  11|0x0000000740b00000, 0x0000000740c00000, 0x0000000740c00000|100%| O|  |TAMS 0x0000000740c00000, 0x0000000740b00000| Untracked 
|  12|0x0000000740c00000, 0x0000000740d00000, 0x0000000740d00000|100%| O|  |TAMS 0x0000000740d00000, 0x0000000740c00000| Untracked 
|  13|0x0000000740d00000, 0x0000000740e00000, 0x0000000740e00000|100%| O|  |TAMS 0x0000000740e00000, 0x0000000740d00000| Untracked 
|  14|0x0000000740e00000, 0x0000000740f00000, 0x0000000740f00000|100%| O|  |TAMS 0x0000000740f00000, 0x0000000740e00000| Untracked 
|  15|0x0000000740f00000, 0x0000000741000000, 0x0000000741000000|100%| O|  |TAMS 0x0000000741000000, 0x0000000740f00000| Untracked 
|  16|0x0000000741000000, 0x0000000741100000, 0x0000000741100000|100%| O|  |TAMS 0x0000000741100000, 0x0000000741000000| Untracked 
|  17|0x0000000741100000, 0x0000000741200000, 0x0000000741200000|100%| O|  |TAMS 0x0000000741200000, 0x0000000741100000| Untracked 
|  18|0x0000000741200000, 0x0000000741300000, 0x0000000741300000|100%| O|  |TAMS 0x0000000741300000, 0x0000000741200000| Untracked 
|  19|0x0000000741300000, 0x0000000741400000, 0x0000000741400000|100%| O|  |TAMS 0x0000000741400000, 0x0000000741300000| Untracked 
|  20|0x0000000741400000, 0x0000000741500000, 0x0000000741500000|100%| O|  |TAMS 0x0000000741500000, 0x0000000741400000| Untracked 
|  21|0x0000000741500000, 0x0000000741600000, 0x0000000741600000|100%| O|  |TAMS 0x0000000741600000, 0x0000000741500000| Untracked 
|  22|0x0000000741600000, 0x0000000741600000, 0x0000000741700000|  0%| F|  |TAMS 0x0000000741600000, 0x0000000741600000| Untracked 
|  23|0x0000000741700000, 0x0000000741700000, 0x0000000741800000|  0%| F|  |TAMS 0x0000000741700000, 0x0000000741700000| Untracked 
|  24|0x0000000741800000, 0x0000000741800000, 0x0000000741900000|  0%| F|  |TAMS 0x0000000741800000, 0x0000000741800000| Untracked 
|  25|0x0000000741900000, 0x0000000741900000, 0x0000000741a00000|  0%| F|  |TAMS 0x0000000741900000, 0x0000000741900000| Untracked 
|  26|0x0000000741a00000, 0x0000000741a00000, 0x0000000741b00000|  0%| F|  |TAMS 0x0000000741a00000, 0x0000000741a00000| Untracked 
|  27|0x0000000741b00000, 0x0000000741b00000, 0x0000000741c00000|  0%| F|  |TAMS 0x0000000741b00000, 0x0000000741b00000| Untracked 
|  28|0x0000000741c00000, 0x0000000741d00000, 0x0000000741d00000|100%| O|  |TAMS 0x0000000741d00000, 0x0000000741c00000| Untracked 
|  29|0x0000000741d00000, 0x0000000741e00000, 0x0000000741e00000|100%| O|  |TAMS 0x0000000741e00000, 0x0000000741d00000| Untracked 
|  30|0x0000000741e00000, 0x0000000741e00000, 0x0000000741f00000|  0%| F|  |TAMS 0x0000000741e00000, 0x0000000741e00000| Untracked 
|  31|0x0000000741f00000, 0x0000000741f00000, 0x0000000742000000|  0%| F|  |TAMS 0x0000000741f00000, 0x0000000741f00000| Untracked 
|  32|0x0000000742000000, 0x0000000742000000, 0x0000000742100000|  0%| F|  |TAMS 0x0000000742000000, 0x0000000742000000| Untracked 
|  33|0x0000000742100000, 0x0000000742100000, 0x0000000742200000|  0%| F|  |TAMS 0x0000000742100000, 0x0000000742100000| Untracked 
|  34|0x0000000742200000, 0x0000000742200000, 0x0000000742300000|  0%| F|  |TAMS 0x0000000742200000, 0x0000000742200000| Untracked 
|  35|0x0000000742300000, 0x0000000742300000, 0x0000000742400000|  0%| F|  |TAMS 0x0000000742300000, 0x0000000742300000| Untracked 
|  36|0x0000000742400000, 0x0000000742500000, 0x0000000742500000|100%| O|  |TAMS 0x0000000742500000, 0x0000000742400000| Untracked 
|  37|0x0000000742500000, 0x0000000742600000, 0x0000000742600000|100%| O|  |TAMS 0x0000000742600000, 0x0000000742500000| Untracked 
|  38|0x0000000742600000, 0x0000000742700000, 0x0000000742700000|100%| O|  |TAMS 0x0000000742700000, 0x0000000742600000| Untracked 
|  39|0x0000000742700000, 0x0000000742800000, 0x0000000742800000|100%| O|  |TAMS 0x0000000742800000, 0x0000000742700000| Untracked 
|  40|0x0000000742800000, 0x000000074285e000, 0x0000000742900000| 36%| O|  |TAMS 0x000000074285e000, 0x0000000742800000| Untracked 
|  41|0x0000000742900000, 0x0000000742900000, 0x0000000742a00000|  0%| F|  |TAMS 0x0000000742900000, 0x0000000742900000| Untracked 
|  42|0x0000000742a00000, 0x0000000742a00000, 0x0000000742b00000|  0%| F|  |TAMS 0x0000000742a00000, 0x0000000742a00000| Untracked 
|  43|0x0000000742b00000, 0x0000000742b00000, 0x0000000742c00000|  0%| F|  |TAMS 0x0000000742b00000, 0x0000000742b00000| Untracked 
|  44|0x0000000742c00000, 0x0000000742c00000, 0x0000000742d00000|  0%| F|  |TAMS 0x0000000742c00000, 0x0000000742c00000| Untracked 
|  45|0x0000000742d00000, 0x0000000742d00000, 0x0000000742e00000|  0%| F|  |TAMS 0x0000000742d00000, 0x0000000742d00000| Untracked 
|  46|0x0000000742e00000, 0x0000000742e00000, 0x0000000742f00000|  0%| F|  |TAMS 0x0000000742e00000, 0x0000000742e00000| Untracked 
|  47|0x0000000742f00000, 0x0000000742f00000, 0x0000000743000000|  0%| F|  |TAMS 0x0000000742f00000, 0x0000000742f00000| Untracked 
|  48|0x0000000743000000, 0x0000000743000000, 0x0000000743100000|  0%| F|  |TAMS 0x0000000743000000, 0x0000000743000000| Untracked 
|  49|0x0000000743100000, 0x0000000743100000, 0x0000000743200000|  0%| F|  |TAMS 0x0000000743100000, 0x0000000743100000| Untracked 
|  50|0x0000000743200000, 0x0000000743200000, 0x0000000743300000|  0%| F|  |TAMS 0x0000000743200000, 0x0000000743200000| Untracked 
|  51|0x0000000743300000, 0x0000000743300000, 0x0000000743400000|  0%| F|  |TAMS 0x0000000743300000, 0x0000000743300000| Untracked 
|  52|0x0000000743400000, 0x0000000743400000, 0x0000000743500000|  0%| F|  |TAMS 0x0000000743400000, 0x0000000743400000| Untracked 
|  53|0x0000000743500000, 0x0000000743500000, 0x0000000743600000|  0%| F|  |TAMS 0x0000000743500000, 0x0000000743500000| Untracked 
|  54|0x0000000743600000, 0x0000000743600000, 0x0000000743700000|  0%| F|  |TAMS 0x0000000743600000, 0x0000000743600000| Untracked 
|  55|0x0000000743700000, 0x0000000743700000, 0x0000000743800000|  0%| F|  |TAMS 0x0000000743700000, 0x0000000743700000| Untracked 
|  56|0x0000000743800000, 0x0000000743800000, 0x0000000743900000|  0%| F|  |TAMS 0x0000000743800000, 0x0000000743800000| Untracked 
|  57|0x0000000743900000, 0x0000000743900000, 0x0000000743a00000|  0%| F|  |TAMS 0x0000000743900000, 0x0000000743900000| Untracked 
|  58|0x0000000743a00000, 0x0000000743a00000, 0x0000000743b00000|  0%| F|  |TAMS 0x0000000743a00000, 0x0000000743a00000| Untracked 
|  59|0x0000000743b00000, 0x0000000743b00000, 0x0000000743c00000|  0%| F|  |TAMS 0x0000000743b00000, 0x0000000743b00000| Untracked 
|  60|0x0000000743c00000, 0x0000000743c00000, 0x0000000743d00000|  0%| F|  |TAMS 0x0000000743c00000, 0x0000000743c00000| Untracked 
|  61|0x0000000743d00000, 0x0000000743d00000, 0x0000000743e00000|  0%| F|  |TAMS 0x0000000743d00000, 0x0000000743d00000| Untracked 
|  62|0x0000000743e00000, 0x0000000743e00000, 0x0000000743f00000|  0%| F|  |TAMS 0x0000000743e00000, 0x0000000743e00000| Untracked 
|  63|0x0000000743f00000, 0x0000000743f00000, 0x0000000744000000|  0%| F|  |TAMS 0x0000000743f00000, 0x0000000743f00000| Untracked 
|  64|0x0000000744000000, 0x0000000744000000, 0x0000000744100000|  0%| F|  |TAMS 0x0000000744000000, 0x0000000744000000| Untracked 
|  65|0x0000000744100000, 0x0000000744100000, 0x0000000744200000|  0%| F|  |TAMS 0x0000000744100000, 0x0000000744100000| Untracked 
|  66|0x0000000744200000, 0x0000000744200000, 0x0000000744300000|  0%| F|  |TAMS 0x0000000744200000, 0x0000000744200000| Untracked 
|  67|0x0000000744300000, 0x0000000744300000, 0x0000000744400000|  0%| F|  |TAMS 0x0000000744300000, 0x0000000744300000| Untracked 
|  68|0x0000000744400000, 0x0000000744400000, 0x0000000744500000|  0%| F|  |TAMS 0x0000000744400000, 0x0000000744400000| Untracked 
|  69|0x0000000744500000, 0x0000000744500000, 0x0000000744600000|  0%| F|  |TAMS 0x0000000744500000, 0x0000000744500000| Untracked 
|  70|0x0000000744600000, 0x0000000744600000, 0x0000000744700000|  0%| F|  |TAMS 0x0000000744600000, 0x0000000744600000| Untracked 
|  71|0x0000000744700000, 0x0000000744700000, 0x0000000744800000|  0%| F|  |TAMS 0x0000000744700000, 0x0000000744700000| Untracked 
|  72|0x0000000744800000, 0x0000000744800000, 0x0000000744900000|  0%| F|  |TAMS 0x0000000744800000, 0x0000000744800000| Untracked 
|  73|0x0000000744900000, 0x0000000744900000, 0x0000000744a00000|  0%| F|  |TAMS 0x0000000744900000, 0x0000000744900000| Untracked 
|  74|0x0000000744a00000, 0x0000000744a00000, 0x0000000744b00000|  0%| F|  |TAMS 0x0000000744a00000, 0x0000000744a00000| Untracked 
|  75|0x0000000744b00000, 0x0000000744b00000, 0x0000000744c00000|  0%| F|  |TAMS 0x0000000744b00000, 0x0000000744b00000| Untracked 
|  76|0x0000000744c00000, 0x0000000744c00000, 0x0000000744d00000|  0%| F|  |TAMS 0x0000000744c00000, 0x0000000744c00000| Untracked 
|  77|0x0000000744d00000, 0x0000000744d00000, 0x0000000744e00000|  0%| F|  |TAMS 0x0000000744d00000, 0x0000000744d00000| Untracked 
|  78|0x0000000744e00000, 0x0000000744e00000, 0x0000000744f00000|  0%| F|  |TAMS 0x0000000744e00000, 0x0000000744e00000| Untracked 
|  79|0x0000000744f00000, 0x0000000744f00000, 0x0000000745000000|  0%| F|  |TAMS 0x0000000744f00000, 0x0000000744f00000| Untracked 
|  80|0x0000000745000000, 0x0000000745000000, 0x0000000745100000|  0%| F|  |TAMS 0x0000000745000000, 0x0000000745000000| Untracked 
|  81|0x0000000745100000, 0x0000000745100000, 0x0000000745200000|  0%| F|  |TAMS 0x0000000745100000, 0x0000000745100000| Untracked 
|  82|0x0000000745200000, 0x0000000745200000, 0x0000000745300000|  0%| F|  |TAMS 0x0000000745200000, 0x0000000745200000| Untracked 
|  83|0x0000000745300000, 0x0000000745300000, 0x0000000745400000|  0%| F|  |TAMS 0x0000000745300000, 0x0000000745300000| Untracked 
|  84|0x0000000745400000, 0x0000000745400000, 0x0000000745500000|  0%| F|  |TAMS 0x0000000745400000, 0x0000000745400000| Untracked 
|  85|0x0000000745500000, 0x0000000745500000, 0x0000000745600000|  0%| F|  |TAMS 0x0000000745500000, 0x0000000745500000| Untracked 
|  86|0x0000000745600000, 0x0000000745600000, 0x0000000745700000|  0%| F|  |TAMS 0x0000000745600000, 0x0000000745600000| Untracked 
|  87|0x0000000745700000, 0x0000000745700000, 0x0000000745800000|  0%| F|  |TAMS 0x0000000745700000, 0x0000000745700000| Untracked 
|  88|0x0000000745800000, 0x0000000745800000, 0x0000000745900000|  0%| F|  |TAMS 0x0000000745800000, 0x0000000745800000| Untracked 
|  89|0x0000000745900000, 0x0000000745900000, 0x0000000745a00000|  0%| F|  |TAMS 0x0000000745900000, 0x0000000745900000| Untracked 
|  90|0x0000000745a00000, 0x0000000745a00000, 0x0000000745b00000|  0%| F|  |TAMS 0x0000000745a00000, 0x0000000745a00000| Untracked 
|  91|0x0000000745b00000, 0x0000000745b00000, 0x0000000745c00000|  0%| F|  |TAMS 0x0000000745b00000, 0x0000000745b00000| Untracked 
|  92|0x0000000745c00000, 0x0000000745c00000, 0x0000000745d00000|  0%| F|  |TAMS 0x0000000745c00000, 0x0000000745c00000| Untracked 
|  93|0x0000000745d00000, 0x0000000745d00000, 0x0000000745e00000|  0%| F|  |TAMS 0x0000000745d00000, 0x0000000745d00000| Untracked 
|  94|0x0000000745e00000, 0x0000000745e00000, 0x0000000745f00000|  0%| F|  |TAMS 0x0000000745e00000, 0x0000000745e00000| Untracked 
|  95|0x0000000745f00000, 0x0000000745f00000, 0x0000000746000000|  0%| F|  |TAMS 0x0000000745f00000, 0x0000000745f00000| Untracked 
|  96|0x0000000746000000, 0x0000000746000000, 0x0000000746100000|  0%| F|  |TAMS 0x0000000746000000, 0x0000000746000000| Untracked 
|  97|0x0000000746100000, 0x0000000746100000, 0x0000000746200000|  0%| F|  |TAMS 0x0000000746100000, 0x0000000746100000| Untracked 
|  98|0x0000000746200000, 0x0000000746200000, 0x0000000746300000|  0%| F|  |TAMS 0x0000000746200000, 0x0000000746200000| Untracked 
|  99|0x0000000746300000, 0x0000000746300000, 0x0000000746400000|  0%| F|  |TAMS 0x0000000746300000, 0x0000000746300000| Untracked 
| 100|0x0000000746400000, 0x0000000746400000, 0x0000000746500000|  0%| F|  |TAMS 0x0000000746400000, 0x0000000746400000| Untracked 
| 101|0x0000000746500000, 0x0000000746500000, 0x0000000746600000|  0%| F|  |TAMS 0x0000000746500000, 0x0000000746500000| Untracked 
| 102|0x0000000746600000, 0x0000000746600000, 0x0000000746700000|  0%| F|  |TAMS 0x0000000746600000, 0x0000000746600000| Untracked 
| 103|0x0000000746700000, 0x0000000746700000, 0x0000000746800000|  0%| F|  |TAMS 0x0000000746700000, 0x0000000746700000| Untracked 
| 104|0x0000000746800000, 0x0000000746800000, 0x0000000746900000|  0%| F|  |TAMS 0x0000000746800000, 0x0000000746800000| Untracked 
| 105|0x0000000746900000, 0x0000000746900000, 0x0000000746a00000|  0%| F|  |TAMS 0x0000000746900000, 0x0000000746900000| Untracked 
| 106|0x0000000746a00000, 0x0000000746a00000, 0x0000000746b00000|  0%| F|  |TAMS 0x0000000746a00000, 0x0000000746a00000| Untracked 
| 107|0x0000000746b00000, 0x0000000746b00000, 0x0000000746c00000|  0%| F|  |TAMS 0x0000000746b00000, 0x0000000746b00000| Untracked 
| 108|0x0000000746c00000, 0x0000000746c00000, 0x0000000746d00000|  0%| F|  |TAMS 0x0000000746c00000, 0x0000000746c00000| Untracked 
| 109|0x0000000746d00000, 0x0000000746d00000, 0x0000000746e00000|  0%| F|  |TAMS 0x0000000746d00000, 0x0000000746d00000| Untracked 
| 110|0x0000000746e00000, 0x0000000746e00000, 0x0000000746f00000|  0%| F|  |TAMS 0x0000000746e00000, 0x0000000746e00000| Untracked 
| 111|0x0000000746f00000, 0x0000000746f00000, 0x0000000747000000|  0%| F|  |TAMS 0x0000000746f00000, 0x0000000746f00000| Untracked 
| 112|0x0000000747000000, 0x00000007470d4aa8, 0x0000000747100000| 83%| S|CS|TAMS 0x0000000747000000, 0x0000000747000000| Complete 
| 113|0x0000000747100000, 0x0000000747200000, 0x0000000747200000|100%| S|CS|TAMS 0x0000000747100000, 0x0000000747100000| Complete 
| 114|0x0000000747200000, 0x0000000747300000, 0x0000000747300000|100%| S|CS|TAMS 0x0000000747200000, 0x0000000747200000| Complete 
| 115|0x0000000747300000, 0x0000000747300000, 0x0000000747400000|  0%| F|  |TAMS 0x0000000747300000, 0x0000000747300000| Untracked 
| 116|0x0000000747400000, 0x0000000747400000, 0x0000000747500000|  0%| F|  |TAMS 0x0000000747400000, 0x0000000747400000| Untracked 
| 117|0x0000000747500000, 0x0000000747500000, 0x0000000747600000|  0%| F|  |TAMS 0x0000000747500000, 0x0000000747500000| Untracked 
| 118|0x0000000747600000, 0x0000000747600000, 0x0000000747700000|  0%| F|  |TAMS 0x0000000747600000, 0x0000000747600000| Untracked 
| 119|0x0000000747700000, 0x0000000747700000, 0x0000000747800000|  0%| F|  |TAMS 0x0000000747700000, 0x0000000747700000| Untracked 
| 120|0x0000000747800000, 0x0000000747800000, 0x0000000747900000|  0%| F|  |TAMS 0x0000000747800000, 0x0000000747800000| Untracked 
| 121|0x0000000747900000, 0x0000000747900000, 0x0000000747a00000|  0%| F|  |TAMS 0x0000000747900000, 0x0000000747900000| Untracked 
| 122|0x0000000747a00000, 0x0000000747a00000, 0x0000000747b00000|  0%| F|  |TAMS 0x0000000747a00000, 0x0000000747a00000| Untracked 
| 123|0x0000000747b00000, 0x0000000747b00000, 0x0000000747c00000|  0%| F|  |TAMS 0x0000000747b00000, 0x0000000747b00000| Untracked 
| 124|0x0000000747c00000, 0x0000000747d00000, 0x0000000747d00000|100%| S|CS|TAMS 0x0000000747c00000, 0x0000000747c00000| Complete 
| 125|0x0000000747d00000, 0x0000000747e00000, 0x0000000747e00000|100%| S|CS|TAMS 0x0000000747d00000, 0x0000000747d00000| Complete 
| 126|0x0000000747e00000, 0x0000000747f00000, 0x0000000747f00000|100%| S|CS|TAMS 0x0000000747e00000, 0x0000000747e00000| Complete 
| 127|0x0000000747f00000, 0x0000000748000000, 0x0000000748000000|100%| S|CS|TAMS 0x0000000747f00000, 0x0000000747f00000| Complete 
| 128|0x0000000748000000, 0x0000000748100000, 0x0000000748100000|100%| S|CS|TAMS 0x0000000748000000, 0x0000000748000000| Complete 
| 129|0x0000000748100000, 0x0000000748200000, 0x0000000748200000|100%| S|CS|TAMS 0x0000000748100000, 0x0000000748100000| Complete 
| 130|0x0000000748200000, 0x0000000748300000, 0x0000000748300000|100%| S|CS|TAMS 0x0000000748200000, 0x0000000748200000| Complete 
| 131|0x0000000748300000, 0x0000000748400000, 0x0000000748400000|100%| S|CS|TAMS 0x0000000748300000, 0x0000000748300000| Complete 
| 132|0x0000000748400000, 0x0000000748500000, 0x0000000748500000|100%| S|CS|TAMS 0x0000000748400000, 0x0000000748400000| Complete 
| 133|0x0000000748500000, 0x0000000748500000, 0x0000000748600000|  0%| F|  |TAMS 0x0000000748500000, 0x0000000748500000| Untracked 
| 134|0x0000000748600000, 0x0000000748600000, 0x0000000748700000|  0%| F|  |TAMS 0x0000000748600000, 0x0000000748600000| Untracked 
| 135|0x0000000748700000, 0x0000000748700000, 0x0000000748800000|  0%| F|  |TAMS 0x0000000748700000, 0x0000000748700000| Untracked 
| 136|0x0000000748800000, 0x0000000748800000, 0x0000000748900000|  0%| F|  |TAMS 0x0000000748800000, 0x0000000748800000| Untracked 
| 137|0x0000000748900000, 0x0000000748900000, 0x0000000748a00000|  0%| F|  |TAMS 0x0000000748900000, 0x0000000748900000| Untracked 
| 138|0x0000000748a00000, 0x0000000748a00000, 0x0000000748b00000|  0%| F|  |TAMS 0x0000000748a00000, 0x0000000748a00000| Untracked 
| 139|0x0000000748b00000, 0x0000000748b00000, 0x0000000748c00000|  0%| F|  |TAMS 0x0000000748b00000, 0x0000000748b00000| Untracked 
| 140|0x0000000748c00000, 0x0000000748c00000, 0x0000000748d00000|  0%| F|  |TAMS 0x0000000748c00000, 0x0000000748c00000| Untracked 
| 141|0x0000000748d00000, 0x0000000748d00000, 0x0000000748e00000|  0%| F|  |TAMS 0x0000000748d00000, 0x0000000748d00000| Untracked 
| 142|0x0000000748e00000, 0x0000000748e00000, 0x0000000748f00000|  0%| F|  |TAMS 0x0000000748e00000, 0x0000000748e00000| Untracked 
| 143|0x0000000748f00000, 0x0000000748f00000, 0x0000000749000000|  0%| F|  |TAMS 0x0000000748f00000, 0x0000000748f00000| Untracked 
| 144|0x0000000749000000, 0x0000000749000000, 0x0000000749100000|  0%| F|  |TAMS 0x0000000749000000, 0x0000000749000000| Untracked 
| 145|0x0000000749100000, 0x0000000749100000, 0x0000000749200000|  0%| F|  |TAMS 0x0000000749100000, 0x0000000749100000| Untracked 
| 146|0x0000000749200000, 0x0000000749200000, 0x0000000749300000|  0%| F|  |TAMS 0x0000000749200000, 0x0000000749200000| Untracked 
| 147|0x0000000749300000, 0x0000000749300000, 0x0000000749400000|  0%| F|  |TAMS 0x0000000749300000, 0x0000000749300000| Untracked 
| 148|0x0000000749400000, 0x0000000749400000, 0x0000000749500000|  0%| F|  |TAMS 0x0000000749400000, 0x0000000749400000| Untracked 
| 149|0x0000000749500000, 0x0000000749500000, 0x0000000749600000|  0%| F|  |TAMS 0x0000000749500000, 0x0000000749500000| Untracked 
| 150|0x0000000749600000, 0x0000000749600000, 0x0000000749700000|  0%| F|  |TAMS 0x0000000749600000, 0x0000000749600000| Untracked 
| 151|0x0000000749700000, 0x0000000749700000, 0x0000000749800000|  0%| F|  |TAMS 0x0000000749700000, 0x0000000749700000| Untracked 
| 152|0x0000000749800000, 0x0000000749800000, 0x0000000749900000|  0%| F|  |TAMS 0x0000000749800000, 0x0000000749800000| Untracked 
| 153|0x0000000749900000, 0x0000000749900000, 0x0000000749a00000|  0%| F|  |TAMS 0x0000000749900000, 0x0000000749900000| Untracked 
| 154|0x0000000749a00000, 0x0000000749a00000, 0x0000000749b00000|  0%| F|  |TAMS 0x0000000749a00000, 0x0000000749a00000| Untracked 
| 155|0x0000000749b00000, 0x0000000749b00000, 0x0000000749c00000|  0%| F|  |TAMS 0x0000000749b00000, 0x0000000749b00000| Untracked 
| 156|0x0000000749c00000, 0x0000000749c00000, 0x0000000749d00000|  0%| F|  |TAMS 0x0000000749c00000, 0x0000000749c00000| Untracked 
| 157|0x0000000749d00000, 0x0000000749d00000, 0x0000000749e00000|  0%| F|  |TAMS 0x0000000749d00000, 0x0000000749d00000| Untracked 
| 158|0x0000000749e00000, 0x0000000749e00000, 0x0000000749f00000|  0%| F|  |TAMS 0x0000000749e00000, 0x0000000749e00000| Untracked 
| 159|0x0000000749f00000, 0x0000000749f00000, 0x000000074a000000|  0%| F|  |TAMS 0x0000000749f00000, 0x0000000749f00000| Untracked 
| 160|0x000000074a000000, 0x000000074a000000, 0x000000074a100000|  0%| F|  |TAMS 0x000000074a000000, 0x000000074a000000| Untracked 
| 161|0x000000074a100000, 0x000000074a100000, 0x000000074a200000|  0%| F|  |TAMS 0x000000074a100000, 0x000000074a100000| Untracked 
| 162|0x000000074a200000, 0x000000074a200000, 0x000000074a300000|  0%| F|  |TAMS 0x000000074a200000, 0x000000074a200000| Untracked 
| 163|0x000000074a300000, 0x000000074a300000, 0x000000074a400000|  0%| F|  |TAMS 0x000000074a300000, 0x000000074a300000| Untracked 
| 164|0x000000074a400000, 0x000000074a400000, 0x000000074a500000|  0%| F|  |TAMS 0x000000074a400000, 0x000000074a400000| Untracked 
| 165|0x000000074a500000, 0x000000074a500000, 0x000000074a600000|  0%| F|  |TAMS 0x000000074a500000, 0x000000074a500000| Untracked 
| 166|0x000000074a600000, 0x000000074a600000, 0x000000074a700000|  0%| F|  |TAMS 0x000000074a600000, 0x000000074a600000| Untracked 
| 167|0x000000074a700000, 0x000000074a700000, 0x000000074a800000|  0%| F|  |TAMS 0x000000074a700000, 0x000000074a700000| Untracked 
| 168|0x000000074a800000, 0x000000074a800000, 0x000000074a900000|  0%| F|  |TAMS 0x000000074a800000, 0x000000074a800000| Untracked 
| 169|0x000000074a900000, 0x000000074a900000, 0x000000074aa00000|  0%| F|  |TAMS 0x000000074a900000, 0x000000074a900000| Untracked 
| 170|0x000000074aa00000, 0x000000074aa00000, 0x000000074ab00000|  0%| F|  |TAMS 0x000000074aa00000, 0x000000074aa00000| Untracked 
| 171|0x000000074ab00000, 0x000000074ab00000, 0x000000074ac00000|  0%| F|  |TAMS 0x000000074ab00000, 0x000000074ab00000| Untracked 
| 172|0x000000074ac00000, 0x000000074ac00000, 0x000000074ad00000|  0%| F|  |TAMS 0x000000074ac00000, 0x000000074ac00000| Untracked 
| 173|0x000000074ad00000, 0x000000074ad00000, 0x000000074ae00000|  0%| F|  |TAMS 0x000000074ad00000, 0x000000074ad00000| Untracked 
| 174|0x000000074ae00000, 0x000000074ae00000, 0x000000074af00000|  0%| F|  |TAMS 0x000000074ae00000, 0x000000074ae00000| Untracked 
| 175|0x000000074af00000, 0x000000074af00000, 0x000000074b000000|  0%| F|  |TAMS 0x000000074af00000, 0x000000074af00000| Untracked 
| 176|0x000000074b000000, 0x000000074b000000, 0x000000074b100000|  0%| F|  |TAMS 0x000000074b000000, 0x000000074b000000| Untracked 
| 177|0x000000074b100000, 0x000000074b100000, 0x000000074b200000|  0%| F|  |TAMS 0x000000074b100000, 0x000000074b100000| Untracked 
| 178|0x000000074b200000, 0x000000074b200000, 0x000000074b300000|  0%| F|  |TAMS 0x000000074b200000, 0x000000074b200000| Untracked 
| 179|0x000000074b300000, 0x000000074b300000, 0x000000074b400000|  0%| F|  |TAMS 0x000000074b300000, 0x000000074b300000| Untracked 
| 180|0x000000074b400000, 0x000000074b400000, 0x000000074b500000|  0%| F|  |TAMS 0x000000074b400000, 0x000000074b400000| Untracked 
| 181|0x000000074b500000, 0x000000074b500000, 0x000000074b600000|  0%| F|  |TAMS 0x000000074b500000, 0x000000074b500000| Untracked 
| 182|0x000000074b600000, 0x000000074b600000, 0x000000074b700000|  0%| F|  |TAMS 0x000000074b600000, 0x000000074b600000| Untracked 
| 183|0x000000074b700000, 0x000000074b700000, 0x000000074b800000|  0%| F|  |TAMS 0x000000074b700000, 0x000000074b700000| Untracked 
| 184|0x000000074b800000, 0x000000074b800000, 0x000000074b900000|  0%| F|  |TAMS 0x000000074b800000, 0x000000074b800000| Untracked 
| 185|0x000000074b900000, 0x000000074b900000, 0x000000074ba00000|  0%| F|  |TAMS 0x000000074b900000, 0x000000074b900000| Untracked 
| 186|0x000000074ba00000, 0x000000074ba00000, 0x000000074bb00000|  0%| F|  |TAMS 0x000000074ba00000, 0x000000074ba00000| Untracked 
| 187|0x000000074bb00000, 0x000000074bb00000, 0x000000074bc00000|  0%| F|  |TAMS 0x000000074bb00000, 0x000000074bb00000| Untracked 
| 188|0x000000074bc00000, 0x000000074bc00000, 0x000000074bd00000|  0%| F|  |TAMS 0x000000074bc00000, 0x000000074bc00000| Untracked 
| 189|0x000000074bd00000, 0x000000074bd00000, 0x000000074be00000|  0%| F|  |TAMS 0x000000074bd00000, 0x000000074bd00000| Untracked 
| 190|0x000000074be00000, 0x000000074be00000, 0x000000074bf00000|  0%| F|  |TAMS 0x000000074be00000, 0x000000074be00000| Untracked 
| 191|0x000000074bf00000, 0x000000074bf00000, 0x000000074c000000|  0%| F|  |TAMS 0x000000074bf00000, 0x000000074bf00000| Untracked 
| 192|0x000000074c000000, 0x000000074c000000, 0x000000074c100000|  0%| F|  |TAMS 0x000000074c000000, 0x000000074c000000| Untracked 
| 193|0x000000074c100000, 0x000000074c100000, 0x000000074c200000|  0%| F|  |TAMS 0x000000074c100000, 0x000000074c100000| Untracked 
| 194|0x000000074c200000, 0x000000074c200000, 0x000000074c300000|  0%| F|  |TAMS 0x000000074c200000, 0x000000074c200000| Untracked 
| 195|0x000000074c300000, 0x000000074c300000, 0x000000074c400000|  0%| F|  |TAMS 0x000000074c300000, 0x000000074c300000| Untracked 
| 196|0x000000074c400000, 0x000000074c400000, 0x000000074c500000|  0%| F|  |TAMS 0x000000074c400000, 0x000000074c400000| Untracked 
| 197|0x000000074c500000, 0x000000074c500000, 0x000000074c600000|  0%| F|  |TAMS 0x000000074c500000, 0x000000074c500000| Untracked 
| 198|0x000000074c600000, 0x000000074c600000, 0x000000074c700000|  0%| F|  |TAMS 0x000000074c600000, 0x000000074c600000| Untracked 
| 199|0x000000074c700000, 0x000000074c700000, 0x000000074c800000|  0%| F|  |TAMS 0x000000074c700000, 0x000000074c700000| Untracked 
| 200|0x000000074c800000, 0x000000074c800000, 0x000000074c900000|  0%| F|  |TAMS 0x000000074c800000, 0x000000074c800000| Untracked 
| 201|0x000000074c900000, 0x000000074c900000, 0x000000074ca00000|  0%| F|  |TAMS 0x000000074c900000, 0x000000074c900000| Untracked 
| 202|0x000000074ca00000, 0x000000074ca00000, 0x000000074cb00000|  0%| F|  |TAMS 0x000000074ca00000, 0x000000074ca00000| Untracked 
| 203|0x000000074cb00000, 0x000000074cb00000, 0x000000074cc00000|  0%| F|  |TAMS 0x000000074cb00000, 0x000000074cb00000| Untracked 
| 204|0x000000074cc00000, 0x000000074cc00000, 0x000000074cd00000|  0%| F|  |TAMS 0x000000074cc00000, 0x000000074cc00000| Untracked 
| 205|0x000000074cd00000, 0x000000074cd00000, 0x000000074ce00000|  0%| F|  |TAMS 0x000000074cd00000, 0x000000074cd00000| Untracked 
| 206|0x000000074ce00000, 0x000000074ce00000, 0x000000074cf00000|  0%| F|  |TAMS 0x000000074ce00000, 0x000000074ce00000| Untracked 
| 207|0x000000074cf00000, 0x000000074cf00000, 0x000000074d000000|  0%| F|  |TAMS 0x000000074cf00000, 0x000000074cf00000| Untracked 
| 208|0x000000074d000000, 0x000000074d000000, 0x000000074d100000|  0%| F|  |TAMS 0x000000074d000000, 0x000000074d000000| Untracked 
| 209|0x000000074d100000, 0x000000074d100000, 0x000000074d200000|  0%| F|  |TAMS 0x000000074d100000, 0x000000074d100000| Untracked 
| 210|0x000000074d200000, 0x000000074d200000, 0x000000074d300000|  0%| F|  |TAMS 0x000000074d200000, 0x000000074d200000| Untracked 
| 211|0x000000074d300000, 0x000000074d300000, 0x000000074d400000|  0%| F|  |TAMS 0x000000074d300000, 0x000000074d300000| Untracked 
| 212|0x000000074d400000, 0x000000074d400000, 0x000000074d500000|  0%| F|  |TAMS 0x000000074d400000, 0x000000074d400000| Untracked 
| 213|0x000000074d500000, 0x000000074d500000, 0x000000074d600000|  0%| F|  |TAMS 0x000000074d500000, 0x000000074d500000| Untracked 
| 214|0x000000074d600000, 0x000000074d600000, 0x000000074d700000|  0%| F|  |TAMS 0x000000074d600000, 0x000000074d600000| Untracked 
| 215|0x000000074d700000, 0x000000074d700000, 0x000000074d800000|  0%| F|  |TAMS 0x000000074d700000, 0x000000074d700000| Untracked 
| 216|0x000000074d800000, 0x000000074d800000, 0x000000074d900000|  0%| F|  |TAMS 0x000000074d800000, 0x000000074d800000| Untracked 
| 217|0x000000074d900000, 0x000000074d900000, 0x000000074da00000|  0%| F|  |TAMS 0x000000074d900000, 0x000000074d900000| Untracked 
| 218|0x000000074da00000, 0x000000074da00000, 0x000000074db00000|  0%| F|  |TAMS 0x000000074da00000, 0x000000074da00000| Untracked 
| 219|0x000000074db00000, 0x000000074db00000, 0x000000074dc00000|  0%| F|  |TAMS 0x000000074db00000, 0x000000074db00000| Untracked 
| 220|0x000000074dc00000, 0x000000074dc00000, 0x000000074dd00000|  0%| F|  |TAMS 0x000000074dc00000, 0x000000074dc00000| Untracked 
| 221|0x000000074dd00000, 0x000000074dd00000, 0x000000074de00000|  0%| F|  |TAMS 0x000000074dd00000, 0x000000074dd00000| Untracked 
| 222|0x000000074de00000, 0x000000074de00000, 0x000000074df00000|  0%| F|  |TAMS 0x000000074de00000, 0x000000074de00000| Untracked 
| 223|0x000000074df00000, 0x000000074df00000, 0x000000074e000000|  0%| F|  |TAMS 0x000000074df00000, 0x000000074df00000| Untracked 
| 224|0x000000074e000000, 0x000000074e000000, 0x000000074e100000|  0%| F|  |TAMS 0x000000074e000000, 0x000000074e000000| Untracked 
| 225|0x000000074e100000, 0x000000074e100000, 0x000000074e200000|  0%| F|  |TAMS 0x000000074e100000, 0x000000074e100000| Untracked 
| 226|0x000000074e200000, 0x000000074e200000, 0x000000074e300000|  0%| F|  |TAMS 0x000000074e200000, 0x000000074e200000| Untracked 
| 227|0x000000074e300000, 0x000000074e300000, 0x000000074e400000|  0%| F|  |TAMS 0x000000074e300000, 0x000000074e300000| Untracked 
| 228|0x000000074e400000, 0x000000074e400000, 0x000000074e500000|  0%| F|  |TAMS 0x000000074e400000, 0x000000074e400000| Untracked 
| 229|0x000000074e500000, 0x000000074e500000, 0x000000074e600000|  0%| F|  |TAMS 0x000000074e500000, 0x000000074e500000| Untracked 
| 230|0x000000074e600000, 0x000000074e600000, 0x000000074e700000|  0%| F|  |TAMS 0x000000074e600000, 0x000000074e600000| Untracked 
| 231|0x000000074e700000, 0x000000074e700000, 0x000000074e800000|  0%| F|  |TAMS 0x000000074e700000, 0x000000074e700000| Untracked 
| 232|0x000000074e800000, 0x000000074e800000, 0x000000074e900000|  0%| F|  |TAMS 0x000000074e800000, 0x000000074e800000| Untracked 
| 233|0x000000074e900000, 0x000000074e900000, 0x000000074ea00000|  0%| F|  |TAMS 0x000000074e900000, 0x000000074e900000| Untracked 
| 234|0x000000074ea00000, 0x000000074ea00000, 0x000000074eb00000|  0%| F|  |TAMS 0x000000074ea00000, 0x000000074ea00000| Untracked 
| 235|0x000000074eb00000, 0x000000074eb00000, 0x000000074ec00000|  0%| F|  |TAMS 0x000000074eb00000, 0x000000074eb00000| Untracked 
| 236|0x000000074ec00000, 0x000000074ec00000, 0x000000074ed00000|  0%| F|  |TAMS 0x000000074ec00000, 0x000000074ec00000| Untracked 
| 237|0x000000074ed00000, 0x000000074ed00000, 0x000000074ee00000|  0%| F|  |TAMS 0x000000074ed00000, 0x000000074ed00000| Untracked 
| 238|0x000000074ee00000, 0x000000074ee00000, 0x000000074ef00000|  0%| F|  |TAMS 0x000000074ee00000, 0x000000074ee00000| Untracked 
| 239|0x000000074ef00000, 0x000000074ef00000, 0x000000074f000000|  0%| F|  |TAMS 0x000000074ef00000, 0x000000074ef00000| Untracked 
| 240|0x000000074f000000, 0x000000074f000000, 0x000000074f100000|  0%| F|  |TAMS 0x000000074f000000, 0x000000074f000000| Untracked 
| 241|0x000000074f100000, 0x000000074f100000, 0x000000074f200000|  0%| F|  |TAMS 0x000000074f100000, 0x000000074f100000| Untracked 
| 242|0x000000074f200000, 0x000000074f200000, 0x000000074f300000|  0%| F|  |TAMS 0x000000074f200000, 0x000000074f200000| Untracked 
| 243|0x000000074f300000, 0x000000074f300000, 0x000000074f400000|  0%| F|  |TAMS 0x000000074f300000, 0x000000074f300000| Untracked 
| 244|0x000000074f400000, 0x000000074f400000, 0x000000074f500000|  0%| F|  |TAMS 0x000000074f400000, 0x000000074f400000| Untracked 
| 245|0x000000074f500000, 0x000000074f500000, 0x000000074f600000|  0%| F|  |TAMS 0x000000074f500000, 0x000000074f500000| Untracked 
| 246|0x000000074f600000, 0x000000074f600000, 0x000000074f700000|  0%| F|  |TAMS 0x000000074f600000, 0x000000074f600000| Untracked 
| 247|0x000000074f700000, 0x000000074f700000, 0x000000074f800000|  0%| F|  |TAMS 0x000000074f700000, 0x000000074f700000| Untracked 
| 248|0x000000074f800000, 0x000000074f800000, 0x000000074f900000|  0%| F|  |TAMS 0x000000074f800000, 0x000000074f800000| Untracked 
| 249|0x000000074f900000, 0x000000074f900000, 0x000000074fa00000|  0%| F|  |TAMS 0x000000074f900000, 0x000000074f900000| Untracked 
| 250|0x000000074fa00000, 0x000000074fa00000, 0x000000074fb00000|  0%| F|  |TAMS 0x000000074fa00000, 0x000000074fa00000| Untracked 
| 251|0x000000074fb00000, 0x000000074fb00000, 0x000000074fc00000|  0%| F|  |TAMS 0x000000074fb00000, 0x000000074fb00000| Untracked 
| 252|0x000000074fc00000, 0x000000074fc00000, 0x000000074fd00000|  0%| F|  |TAMS 0x000000074fc00000, 0x000000074fc00000| Untracked 
| 253|0x000000074fd00000, 0x000000074fda9558, 0x000000074fe00000| 66%| E|  |TAMS 0x000000074fd00000, 0x000000074fd00000| Complete 
| 254|0x000000074fe00000, 0x000000074ff00000, 0x000000074ff00000|100%| E|CS|TAMS 0x000000074fe00000, 0x000000074fe00000| Complete 
| 255|0x000000074ff00000, 0x0000000750000000, 0x0000000750000000|100%| E|CS|TAMS 0x000000074ff00000, 0x000000074ff00000| Complete 
| 256|0x0000000750000000, 0x0000000750100000, 0x0000000750100000|100%| E|CS|TAMS 0x0000000750000000, 0x0000000750000000| Complete 
| 257|0x0000000750100000, 0x0000000750200000, 0x0000000750200000|100%| E|CS|TAMS 0x0000000750100000, 0x0000000750100000| Complete 
| 258|0x0000000750200000, 0x0000000750300000, 0x0000000750300000|100%| E|CS|TAMS 0x0000000750200000, 0x0000000750200000| Complete 
| 259|0x0000000750300000, 0x0000000750400000, 0x0000000750400000|100%| E|CS|TAMS 0x0000000750300000, 0x0000000750300000| Complete 
| 260|0x0000000750400000, 0x0000000750500000, 0x0000000750500000|100%| E|CS|TAMS 0x0000000750400000, 0x0000000750400000| Complete 
| 261|0x0000000750500000, 0x0000000750600000, 0x0000000750600000|100%| E|CS|TAMS 0x0000000750500000, 0x0000000750500000| Complete 
| 262|0x0000000750600000, 0x0000000750700000, 0x0000000750700000|100%| E|CS|TAMS 0x0000000750600000, 0x0000000750600000| Complete 
| 263|0x0000000750700000, 0x0000000750800000, 0x0000000750800000|100%| E|  |TAMS 0x0000000750700000, 0x0000000750700000| Complete 
| 264|0x0000000750800000, 0x0000000750900000, 0x0000000750900000|100%| E|CS|TAMS 0x0000000750800000, 0x0000000750800000| Complete 
| 265|0x0000000750900000, 0x0000000750a00000, 0x0000000750a00000|100%| E|CS|TAMS 0x0000000750900000, 0x0000000750900000| Complete 
| 266|0x0000000750a00000, 0x0000000750b00000, 0x0000000750b00000|100%| E|CS|TAMS 0x0000000750a00000, 0x0000000750a00000| Complete 
| 267|0x0000000750b00000, 0x0000000750c00000, 0x0000000750c00000|100%| E|CS|TAMS 0x0000000750b00000, 0x0000000750b00000| Complete 
| 268|0x0000000750c00000, 0x0000000750d00000, 0x0000000750d00000|100%| E|CS|TAMS 0x0000000750c00000, 0x0000000750c00000| Complete 
| 269|0x0000000750d00000, 0x0000000750e00000, 0x0000000750e00000|100%| E|CS|TAMS 0x0000000750d00000, 0x0000000750d00000| Complete 
| 270|0x0000000750e00000, 0x0000000750f00000, 0x0000000750f00000|100%| E|CS|TAMS 0x0000000750e00000, 0x0000000750e00000| Complete 
| 271|0x0000000750f00000, 0x0000000751000000, 0x0000000751000000|100%| E|CS|TAMS 0x0000000750f00000, 0x0000000750f00000| Complete 
| 272|0x0000000751000000, 0x0000000751100000, 0x0000000751100000|100%| E|CS|TAMS 0x0000000751000000, 0x0000000751000000| Complete 
| 273|0x0000000751100000, 0x0000000751200000, 0x0000000751200000|100%| E|CS|TAMS 0x0000000751100000, 0x0000000751100000| Complete 
| 274|0x0000000751200000, 0x0000000751300000, 0x0000000751300000|100%| E|CS|TAMS 0x0000000751200000, 0x0000000751200000| Complete 
| 275|0x0000000751300000, 0x0000000751400000, 0x0000000751400000|100%| E|CS|TAMS 0x0000000751300000, 0x0000000751300000| Complete 
| 276|0x0000000751400000, 0x0000000751500000, 0x0000000751500000|100%| E|CS|TAMS 0x0000000751400000, 0x0000000751400000| Complete 
| 277|0x0000000751500000, 0x0000000751600000, 0x0000000751600000|100%| E|CS|TAMS 0x0000000751500000, 0x0000000751500000| Complete 
| 278|0x0000000751600000, 0x0000000751700000, 0x0000000751700000|100%| E|CS|TAMS 0x0000000751600000, 0x0000000751600000| Complete 
| 279|0x0000000751700000, 0x0000000751800000, 0x0000000751800000|100%| E|CS|TAMS 0x0000000751700000, 0x0000000751700000| Complete 
| 280|0x0000000751800000, 0x0000000751900000, 0x0000000751900000|100%| E|CS|TAMS 0x0000000751800000, 0x0000000751800000| Complete 
| 281|0x0000000751900000, 0x0000000751a00000, 0x0000000751a00000|100%| E|CS|TAMS 0x0000000751900000, 0x0000000751900000| Complete 
| 282|0x0000000751a00000, 0x0000000751b00000, 0x0000000751b00000|100%| E|CS|TAMS 0x0000000751a00000, 0x0000000751a00000| Complete 
| 283|0x0000000751b00000, 0x0000000751c00000, 0x0000000751c00000|100%| E|CS|TAMS 0x0000000751b00000, 0x0000000751b00000| Complete 
| 284|0x0000000751c00000, 0x0000000751d00000, 0x0000000751d00000|100%| E|CS|TAMS 0x0000000751c00000, 0x0000000751c00000| Complete 
| 285|0x0000000751d00000, 0x0000000751e00000, 0x0000000751e00000|100%| E|CS|TAMS 0x0000000751d00000, 0x0000000751d00000| Complete 
| 286|0x0000000751e00000, 0x0000000751f00000, 0x0000000751f00000|100%| E|CS|TAMS 0x0000000751e00000, 0x0000000751e00000| Complete 
| 287|0x0000000751f00000, 0x0000000752000000, 0x0000000752000000|100%| E|CS|TAMS 0x0000000751f00000, 0x0000000751f00000| Complete 
| 288|0x0000000752000000, 0x0000000752100000, 0x0000000752100000|100%| E|CS|TAMS 0x0000000752000000, 0x0000000752000000| Complete 
| 289|0x0000000752100000, 0x0000000752200000, 0x0000000752200000|100%| E|CS|TAMS 0x0000000752100000, 0x0000000752100000| Complete 
| 290|0x0000000752200000, 0x0000000752300000, 0x0000000752300000|100%| E|CS|TAMS 0x0000000752200000, 0x0000000752200000| Complete 
| 291|0x0000000752300000, 0x0000000752400000, 0x0000000752400000|100%| E|CS|TAMS 0x0000000752300000, 0x0000000752300000| Complete 
| 292|0x0000000752400000, 0x0000000752500000, 0x0000000752500000|100%| E|CS|TAMS 0x0000000752400000, 0x0000000752400000| Complete 
| 293|0x0000000752500000, 0x0000000752600000, 0x0000000752600000|100%| E|CS|TAMS 0x0000000752500000, 0x0000000752500000| Complete 
| 294|0x0000000752600000, 0x0000000752700000, 0x0000000752700000|100%| E|CS|TAMS 0x0000000752600000, 0x0000000752600000| Complete 
| 295|0x0000000752700000, 0x0000000752800000, 0x0000000752800000|100%| E|CS|TAMS 0x0000000752700000, 0x0000000752700000| Complete 
| 296|0x0000000752800000, 0x0000000752900000, 0x0000000752900000|100%| E|CS|TAMS 0x0000000752800000, 0x0000000752800000| Complete 
| 297|0x0000000752900000, 0x0000000752a00000, 0x0000000752a00000|100%| E|CS|TAMS 0x0000000752900000, 0x0000000752900000| Complete 
| 298|0x0000000752a00000, 0x0000000752b00000, 0x0000000752b00000|100%| E|CS|TAMS 0x0000000752a00000, 0x0000000752a00000| Complete 
| 299|0x0000000752b00000, 0x0000000752c00000, 0x0000000752c00000|100%| E|CS|TAMS 0x0000000752b00000, 0x0000000752b00000| Complete 
| 300|0x0000000752c00000, 0x0000000752d00000, 0x0000000752d00000|100%| E|CS|TAMS 0x0000000752c00000, 0x0000000752c00000| Complete 
| 301|0x0000000752d00000, 0x0000000752e00000, 0x0000000752e00000|100%| E|CS|TAMS 0x0000000752d00000, 0x0000000752d00000| Complete 
| 302|0x0000000752e00000, 0x0000000752f00000, 0x0000000752f00000|100%| E|CS|TAMS 0x0000000752e00000, 0x0000000752e00000| Complete 
| 303|0x0000000752f00000, 0x0000000753000000, 0x0000000753000000|100%| E|CS|TAMS 0x0000000752f00000, 0x0000000752f00000| Complete 
| 304|0x0000000753000000, 0x0000000753100000, 0x0000000753100000|100%| E|CS|TAMS 0x0000000753000000, 0x0000000753000000| Complete 
| 305|0x0000000753100000, 0x0000000753200000, 0x0000000753200000|100%| E|CS|TAMS 0x0000000753100000, 0x0000000753100000| Complete 
| 306|0x0000000753200000, 0x0000000753300000, 0x0000000753300000|100%| E|CS|TAMS 0x0000000753200000, 0x0000000753200000| Complete 
| 307|0x0000000753300000, 0x0000000753400000, 0x0000000753400000|100%| E|CS|TAMS 0x0000000753300000, 0x0000000753300000| Complete 

Card table byte_map: [0x0000000110400000,0x0000000110a00000] _byte_map_base: 0x000000010ca00000

Marking Bits (Prev, Next): (CMBitMap*) 0x00007ffe3202a650, (CMBitMap*) 0x00007ffe3202a618
 Prev Bits: [0x0000000125576000, 0x0000000128576000)
 Next Bits: [0x0000000122576000, 0x0000000125576000)

Polling page: 0x00000001059df000

Metaspace:

Usage:
  Non-class:     81.88 MB capacity,    79.48 MB ( 97%) used,     1.82 MB (  2%) free+waste,   597.31 KB ( <1%) overhead. 
      Class:     15.83 MB capacity,    13.48 MB ( 85%) used,     2.04 MB ( 13%) free+waste,   324.50 KB (  2%) overhead. 
       Both:     97.71 MB capacity,    92.96 MB ( 95%) used,     3.86 MB (  4%) free+waste,   921.81 KB ( <1%) overhead. 

Virtual space:
  Non-class space:       82.00 MB reserved,      81.92 MB (>99%) committed 
      Class space:        1.00 GB reserved,      15.86 MB (  2%) committed 
             Both:        1.08 GB reserved,      97.78 MB (  9%) committed 

Chunk freelists:
   Non-Class:  0 bytes
       Class:  1.88 KB
        Both:  1.88 KB

CodeHeap 'non-profiled nmethods': size=120032Kb used=4215Kb max_used=4240Kb free=115816Kb
 bounds [0x000000011b03e000, 0x000000011b46e000, 0x0000000122576000]
CodeHeap 'profiled nmethods': size=120028Kb used=16612Kb max_used=16622Kb free=103415Kb
 bounds [0x0000000113b07000, 0x0000000114b57000, 0x000000011b03e000]
CodeHeap 'non-nmethods': size=5700Kb used=1451Kb max_used=1490Kb free=4248Kb
 bounds [0x0000000113576000, 0x00000001137e6000, 0x0000000113b07000]
 total_blobs=11883 nmethods=8027 adapters=852
 compilation: enabled
              stopped_count=0, restarted_count=0
 full_count=0

Compilation events (10 events):
Event: 37.235 Thread 0x00007ffe30099800 nmethod 8661 0x0000000114b4ce90 code [0x0000000114b4d160, 0x0000000114b4e8a8]
Event: 37.251 Thread 0x00007ffe32063000 8662       4       sun.misc.Unsafe::getLongVolatile (9 bytes)
Event: 37.251 Thread 0x00007ffe30099800 8663       1       org.jctools.queues.MpmcArrayQueueConsumerIndexField::lvConsumerIndex (5 bytes)
Event: 37.252 Thread 0x00007ffe30099800 nmethod 8663 0x000000011b1b4610 code [0x000000011b1b47a0, 0x000000011b1b48b0]
Event: 37.252 Thread 0x00007ffe32063000 nmethod 8662 0x000000011b1b4390 code [0x000000011b1b4520, 0x000000011b1b4598]
Event: 37.258 Thread 0x00007ffe30099800 8665       3       org.neo4j.logging.shaded.log4j.util.PropertySource$Util::tokenize (79 bytes)
Event: 37.260 Thread 0x00007ffe30099800 nmethod 8665 0x0000000114b4ee10 code [0x0000000114b4f120, 0x0000000114b501d8]
Event: 37.260 Thread 0x00007ffe30099800 8666       3       org.neo4j.logging.shaded.log4j.core.config.AppenderControlArraySet::get (11 bytes)
Event: 37.260 Thread 0x00007ffe30099800 nmethod 8666 0x0000000113feb190 code [0x0000000113feb340, 0x0000000113feb5d0]
Event: 37.262 Thread 0x00007ffe30099800 8667       3       jdk.internal.misc.VM::isSystemDomainLoader (17 bytes)

GC Heap History (10 events):
Event: 13.698 GC heap before
{Heap before GC invocations=9 (full 0):
 garbage-first heap   total 236544K, used 145765K [0x0000000740000000, 0x0000000800000000)
  region size 1024K, 115 young (117760K), 8 survivors (8192K)
 Metaspace       used 57127K, capacity 59396K, committed 59676K, reserved 1099776K
  class space    used 7435K, capacity 8472K, committed 8556K, reserved 1048576K
}
Event: 13.723 GC heap after
{Heap after GC invocations=10 (full 0):
 garbage-first heap   total 236544K, used 33208K [0x0000000740000000, 0x0000000800000000)
  region size 1024K, 8 young (8192K), 8 survivors (8192K)
 Metaspace       used 57127K, capacity 59396K, committed 59676K, reserved 1099776K
  class space    used 7435K, capacity 8472K, committed 8556K, reserved 1048576K
}
Event: 14.024 GC heap before
{Heap before GC invocations=10 (full 0):
 garbage-first heap   total 236544K, used 183736K [0x0000000740000000, 0x0000000800000000)
  region size 1024K, 134 young (137216K), 8 survivors (8192K)
 Metaspace       used 57347K, capacity 59594K, committed 59676K, reserved 1099776K
  class space    used 7508K, capacity 8537K, committed 8556K, reserved 1048576K
}
Event: 14.062 GC heap after
{Heap after GC invocations=11 (full 0):
 garbage-first heap   total 315392K, used 43605K [0x0000000740000000, 0x0000000800000000)
  region size 1024K, 16 young (16384K), 16 survivors (16384K)
 Metaspace       used 57347K, capacity 59594K, committed 59676K, reserved 1099776K
  class space    used 7508K, capacity 8537K, committed 8556K, reserved 1048576K
}
Event: 14.255 GC heap before
{Heap before GC invocations=11 (full 0):
 garbage-first heap   total 315392K, used 135765K [0x0000000740000000, 0x0000000800000000)
  region size 1024K, 96 young (98304K), 16 survivors (16384K)
 Metaspace       used 57873K, capacity 60128K, committed 60316K, reserved 1101824K
  class space    used 7570K, capacity 8610K, committed 8684K, reserved 1048576K
}
Event: 14.282 GC heap after
{Heap after GC invocations=12 (full 0):
 garbage-first heap   total 315392K, used 37240K [0x0000000740000000, 0x0000000800000000)
  region size 1024K, 8 young (8192K), 8 survivors (8192K)
 Metaspace       used 57873K, capacity 60128K, committed 60316K, reserved 1101824K
  class space    used 7570K, capacity 8610K, committed 8684K, reserved 1048576K
}
Event: 22.717 GC heap before
{Heap before GC invocations=13 (full 0):
 garbage-first heap   total 315392K, used 216440K [0x0000000740000000, 0x0000000800000000)
  region size 1024K, 184 young (188416K), 8 survivors (8192K)
 Metaspace       used 77388K, capacity 80566K, committed 80796K, reserved 1118208K
  class space    used 10624K, capacity 12161K, committed 12268K, reserved 1048576K
}
Event: 22.741 GC heap after
{Heap after GC invocations=14 (full 0):
 garbage-first heap   total 315392K, used 37858K [0x0000000740000000, 0x0000000800000000)
  region size 1024K, 9 young (9216K), 9 survivors (9216K)
 Metaspace       used 77388K, capacity 80566K, committed 80796K, reserved 1118208K
  class space    used 10624K, capacity 12161K, committed 12268K, reserved 1048576K
}
Event: 25.603 GC heap before
{Heap before GC invocations=14 (full 0):
 garbage-first heap   total 315392K, used 216034K [0x0000000740000000, 0x0000000800000000)
  region size 1024K, 184 young (188416K), 9 survivors (9216K)
 Metaspace       used 93627K, capacity 98268K, committed 98460K, reserved 1132544K
  class space    used 13523K, capacity 15811K, committed 15852K, reserved 1048576K
}
Event: 25.617 GC heap after
{Heap after GC invocations=15 (full 0):
 garbage-first heap   total 315392K, used 41162K [0x0000000740000000, 0x0000000800000000)
  region size 1024K, 12 young (12288K), 12 survivors (12288K)
 Metaspace       used 93627K, capacity 98268K, committed 98460K, reserved 1132544K
  class space    used 13523K, capacity 15811K, committed 15852K, reserved 1048576K
}

Deoptimization events (10 events):
Event: 25.700 Thread 0x00007ffe35c5f800 Uncommon trap: reason=class_check action=maybe_recompile pc=0x000000011b399dfc method=java.lang.invoke.Invokers$Holder.linkToTargetMethod(Ljava/lang/Object;Ljava/lang/Object;Ljava/lang/Object;Ljava/lang/Object;)Ljava/lang/Object; @ 1 c2
Event: 25.700 Thread 0x00007ffe35c5f800 Uncommon trap: reason=class_check action=maybe_recompile pc=0x000000011b399dfc method=java.lang.invoke.Invokers$Holder.linkToTargetMethod(Ljava/lang/Object;Ljava/lang/Object;Ljava/lang/Object;Ljava/lang/Object;)Ljava/lang/Object; @ 1 c2
Event: 25.711 Thread 0x00007ffe35c5f800 Uncommon trap: reason=unstable_if action=reinterpret pc=0x000000011b1c46d4 method=jdk.internal.org.objectweb.asm.Frame.type(Ljdk/internal/org/objectweb/asm/ClassWriter;Ljava/lang/String;)I @ 28 c2
Event: 25.742 Thread 0x00007ffe35c5f800 Uncommon trap: reason=class_check action=maybe_recompile pc=0x000000011b179e2c method=java.util.regex.Matcher.search(I)Z @ 121 c2
Event: 25.747 Thread 0x00007ffe35c5f800 Uncommon trap: reason=class_check action=maybe_recompile pc=0x000000011b3b6e08 method=scala.PartialFunction.$anonfun$runWith$1$adapted(Lscala/PartialFunction;Lscala/Function1;Ljava/lang/Object;)Ljava/lang/Object; @ 26 c2
Event: 25.749 Thread 0x00007ffe35c5f800 Uncommon trap: reason=class_check action=maybe_recompile pc=0x000000011b3b6e08 method=scala.PartialFunction.$anonfun$runWith$1$adapted(Lscala/PartialFunction;Lscala/Function1;Ljava/lang/Object;)Ljava/lang/Object; @ 26 c2
Event: 25.811 Thread 0x00007ffe35c5f800 Uncommon trap: reason=class_check action=maybe_recompile pc=0x000000011b171504 method=java.util.regex.Matcher.search(I)Z @ 121 c2
Event: 25.815 Thread 0x00007ffe35c5f800 Uncommon trap: reason=class_check action=maybe_recompile pc=0x000000011b43712c method=org.neo4j.cypher.internal.util.topDown$TopDownRewriter.rec(Lscala/collection/mutable/ArrayStack;)Lscala/collection/mutable/MutableList; @ 416 c2
Event: 25.816 Thread 0x00007ffe35c5f800 Uncommon trap: reason=class_check action=maybe_recompile pc=0x000000011b43712c method=org.neo4j.cypher.internal.util.topDown$TopDownRewriter.rec(Lscala/collection/mutable/ArrayStack;)Lscala/collection/mutable/MutableList; @ 416 c2
Event: 25.843 Thread 0x00007ffe35c5f800 Uncommon trap: reason=unstable_if action=reinterpret pc=0x000000011b390194 method=jdk.internal.org.objectweb.asm.Type.getArgumentsAndReturnSizes(Ljava/lang/String;)I @ 118 c2

Classes redefined (0 events):
No events

Internal exceptions (10 events):
Event: 25.540 Thread 0x00007ffe35c5f800 Exception <a 'java/lang/NoSuchMethodError'{0x00000007488d1d78}: java.lang.invoke.DirectMethodHandle$Holder.invokeStatic(Ljava/lang/Object;)D> (0x00000007488d1d78) thrown at [./open/src/hotspot/share/interpreter/linkResolver.cpp, line 772]
Event: 25.682 Thread 0x00007ffe35c5f800 Exception <a 'java/lang/NoSuchMethodError'{0x0000000752e41b08}: java.lang.invoke.DirectMethodHandle$Holder.invokeStatic(Ljava/lang/Object;Ljava/lang/Object;Ljava/lang/Object;Ljava/lang/Object;Ljava/lang/Object;Ljava/lang/Object;Ljava/lang/Object;Ljava/lan
Event: 25.684 Thread 0x00007ffe35c5f800 Exception <a 'java/lang/NoSuchMethodError'{0x0000000752e5b338}: java.lang.invoke.DirectMethodHandle$Holder.invokeStatic(Ljava/lang/Object;Ljava/lang/Object;Ljava/lang/Object;Ljava/lang/Object;Ljava/lang/Object;Ljava/lang/Object;Ljava/lang/Object;Ljava/lan
Event: 25.697 Thread 0x00007ffe35c5f800 Exception <a 'java/lang/NoSuchMethodError'{0x0000000752d13820}: java.lang.invoke.DirectMethodHandle$Holder.invokeSpecial(Ljava/lang/Object;Ljava/lang/Object;IILjava/lang/Object;Ljava/lang/Object;Ljava/lang/Object;)Ljava/lang/Object;> (0x0000000752d13820) 
Event: 25.698 Thread 0x00007ffe35c5f800 Exception <a 'java/lang/NoSuchMethodError'{0x0000000752d16fa8}: java.lang.invoke.DelegatingMethodHandle$Holder.reinvoke_L(Ljava/lang/Object;IILjava/lang/Object;Ljava/lang/Object;Ljava/lang/Object;)Ljava/lang/Object;> (0x0000000752d16fa8) thrown at [./open
Event: 25.699 Thread 0x00007ffe35c5f800 Exception <a 'java/lang/NoSuchMethodError'{0x0000000752d37228}: java.lang.invoke.DirectMethodHandle$Holder.invokeStatic(Ljava/lang/Object;Ljava/lang/Object;Ljava/lang/Object;Ljava/lang/Object;IILjava/lang/Object;Ljava/lang/Object;Ljava/lang/Object;)Ljava/
Event: 25.734 Thread 0x00007ffe3001a000 Exception <a 'java/lang/IncompatibleClassChangeError'{0x0000000752cacd58}: Found class java.lang.Object, but interface was expected> (0x0000000752cacd58) thrown at [./open/src/hotspot/share/interpreter/linkResolver.cpp, line 838]
Event: 25.871 Thread 0x00007ffe3001a000 Exception <a 'java/lang/NoSuchMethodError'{0x00000007526d9940}: java.lang.invoke.DirectMethodHandle$Holder.invokeSpecial(Ljava/lang/Object;Ljava/lang/Object;Ljava/lang/Object;Ljava/lang/Object;Ljava/lang/Object;Ljava/lang/Object;Ljava/lang/Object;)V> (0x0
Event: 25.872 Thread 0x00007ffe3001a000 Exception <a 'java/lang/IncompatibleClassChangeError'{0x00000007526e6140}: Found class java.lang.Object, but interface was expected> (0x00000007526e6140) thrown at [./open/src/hotspot/share/interpreter/linkResolver.cpp, line 838]
Event: 26.150 Thread 0x00007ffe3001a000 Exception <a 'java/lang/NoSuchMethodError'{0x0000000752038a08}: java.lang.invoke.DirectMethodHandle$Holder.invokeVirtual(Ljava/lang/Object;Ljava/lang/Object;J)V> (0x0000000752038a08) thrown at [./open/src/hotspot/share/interpreter/linkResolver.cpp, line 7

Events (10 events):
Event: 37.261 loading class org/neo4j/io/fs/FileUtils$DeletingFileVisitor done
Event: 37.261 Thread 0x00007ffe3008b800 flushing nmethod 0x000000011b326f10
Event: 37.261 loading class java/nio/file/SimpleFileVisitor
Event: 37.261 loading class java/nio/file/SimpleFileVisitor done
Event: 37.262 loading class java/nio/file/FileVisitOption
Event: 37.262 loading class java/nio/file/FileVisitOption done
Event: 37.262 loading class java/nio/file/FileTreeWalker
Event: 37.262 Thread 0x00007ffe3008b800 flushing nmethod 0x0000000113b20890
Event: 37.262 Thread 0x00007ffe3008b800 flushing nmethod 0x0000000113b28010
Event: 37.262 Thread 0x00007ffe3008b800 flushing nmethod 0x0000000113b3bd10


Dynamic libraries:
0x00007fff31269000 	/System/Library/Frameworks/Cocoa.framework/Versions/A/Cocoa
0x00007fff3ea51000 	/System/Library/Frameworks/Security.framework/Versions/A/Security
0x00007fff301d0000 	/System/Library/Frameworks/ApplicationServices.framework/Versions/A/ApplicationServices
0x00007fff6b510000 	/usr/lib/libz.1.dylib
0x00007fff68fd4000 	/usr/lib/libSystem.B.dylib
0x00007fff32109000 	/System/Library/Frameworks/CoreFoundation.framework/Versions/A/CoreFoundation
0x00007fff347c3000 	/System/Library/Frameworks/Foundation.framework/Versions/C/Foundation
0x00007fff6ae34000 	/usr/lib/libobjc.A.dylib
0x00007fff2f3c0000 	/System/Library/Frameworks/AppKit.framework/Versions/C/AppKit
0x00007fff31bed000 	/System/Library/Frameworks/CoreData.framework/Versions/A/CoreData
0x00007fff62fef000 	/System/Library/PrivateFrameworks/UIFoundation.framework/Versions/A/UIFoundation
0x00007fff5e093000 	/System/Library/PrivateFrameworks/RemoteViewServices.framework/Versions/A/RemoteViewServices
0x00007fff65b44000 	/System/Library/PrivateFrameworks/XCTTargetBootstrap.framework/Versions/A/XCTTargetBootstrap
0x00007fff31fd8000 	/System/Library/Frameworks/CoreDisplay.framework/Versions/A/CoreDisplay
0x00007fff3767e000 	/System/Library/Frameworks/Metal.framework/Versions/A/Metal
0x00007fff4c0b5000 	/System/Library/PrivateFrameworks/DesktopServicesPriv.framework/Versions/A/DesktopServicesPriv
0x00007fff6a10f000 	/usr/lib/liblangid.dylib
0x00007fff4b34d000 	/System/Library/PrivateFrameworks/CoreSVG.framework/Versions/A/CoreSVG
0x00007fff611ec000 	/System/Library/PrivateFrameworks/SkyLight.framework/Versions/A/SkyLight
0x00007fff3258a000 	/System/Library/Frameworks/CoreGraphics.framework/Versions/A/CoreGraphics
0x00007fff2dd94000 	/System/Library/Frameworks/Accelerate.framework/Versions/A/Accelerate
0x00007fff6b401000 	/usr/lib/libxml2.2.dylib
0x00007fff5702c000 	/System/Library/PrivateFrameworks/IconServices.framework/Versions/A/IconServices
0x00007fff34fa2000 	/System/Library/Frameworks/IOSurface.framework/Versions/A/IOSurface
0x00007fff68afe000 	/usr/lib/libDiagnosticMessagesClient.dylib
0x00007fff4bf0f000 	/System/Library/PrivateFrameworks/DFRFoundation.framework/Versions/A/DFRFoundation
0x00007fff69e9e000 	/usr/lib/libicucore.A.dylib
0x00007fff30502000 	/System/Library/Frameworks/AudioToolbox.framework/Versions/A/AudioToolbox
0x00007fff305e5000 	/System/Library/Frameworks/AudioUnit.framework/Versions/A/AudioUnit
0x00007fff691d6000 	/usr/lib/libauto.dylib
0x00007fff4bfb1000 	/System/Library/PrivateFrameworks/DataDetectorsCore.framework/Versions/A/DataDetectorsCore
0x00007fff30d8a000 	/System/Library/Frameworks/Carbon.framework/Versions/A/Frameworks/HIToolbox.framework/Versions/A/HIToolbox
0x00007fff3dc4e000 	/System/Library/Frameworks/QuartzCore.framework/Versions/A/QuartzCore
0x00007fff310c9000 	/System/Library/Frameworks/Carbon.framework/Versions/A/Frameworks/SpeechRecognition.framework/Versions/A/SpeechRecognition
0x00007fff4ba26000 	/System/Library/PrivateFrameworks/CoreUI.framework/Versions/A/CoreUI
0x00007fff31658000 	/System/Library/Frameworks/CoreAudio.framework/Versions/A/CoreAudio
0x00007fff34484000 	/System/Library/Frameworks/DiskArbitration.framework/Versions/A/DiskArbitration
0x00007fff5907a000 	/System/Library/PrivateFrameworks/MultitouchSupport.framework/Versions/A/MultitouchSupport
0x00007fff69d65000 	/usr/lib/libenergytrace.dylib
0x00007fff34efc000 	/System/Library/Frameworks/IOKit.framework/Versions/A/IOKit
0x00007fff334f0000 	/System/Library/Frameworks/CoreServices.framework/Versions/A/CoreServices
0x00007fff5b229000 	/System/Library/PrivateFrameworks/PerformanceAnalysis.framework/Versions/A/PerformanceAnalysis
0x00007fff3cc81000 	/System/Library/Frameworks/OpenGL.framework/Versions/A/OpenGL
0x00007fff31277000 	/System/Library/Frameworks/ColorSync.framework/Versions/A/ColorSync
0x00007fff32c0c000 	/System/Library/Frameworks/CoreImage.framework/Versions/A/CoreImage
0x00007fff33f63000 	/System/Library/Frameworks/CoreText.framework/Versions/A/CoreText
0x00007fff35032000 	/System/Library/Frameworks/ImageIO.framework/Versions/A/ImageIO
0x00007fff692ba000 	/usr/lib/libc++.1.dylib
0x00007fff69336000 	/usr/lib/libcompression.dylib
0x00007fff68e42000 	/usr/lib/libMobileGestalt.dylib
0x00007fff62d64000 	/System/Library/PrivateFrameworks/TextureIO.framework/Versions/A/TextureIO
0x00007fff69139000 	/usr/lib/libate.dylib
0x00007fff57235000 	/System/Library/PrivateFrameworks/InternationalSupport.framework/Versions/A/InternationalSupport
0x00007fff6bdd0000 	/usr/lib/system/libcache.dylib
0x00007fff6bdd6000 	/usr/lib/system/libcommonCrypto.dylib
0x00007fff6bde2000 	/usr/lib/system/libcompiler_rt.dylib
0x00007fff6bdea000 	/usr/lib/system/libcopyfile.dylib
0x00007fff6bdf4000 	/usr/lib/system/libcorecrypto.dylib
0x00007fff6bf93000 	/usr/lib/system/libdispatch.dylib
0x00007fff6bfd4000 	/usr/lib/system/libdyld.dylib
0x00007fff6c00b000 	/usr/lib/system/libkeymgr.dylib
0x00007fff6c019000 	/usr/lib/system/liblaunch.dylib
0x00007fff6c01a000 	/usr/lib/system/libmacho.dylib
0x00007fff6c020000 	/usr/lib/system/libquarantine.dylib
0x00007fff6c023000 	/usr/lib/system/libremovefile.dylib
0x00007fff6c025000 	/usr/lib/system/libsystem_asl.dylib
0x00007fff6c03d000 	/usr/lib/system/libsystem_blocks.dylib
0x00007fff6c03e000 	/usr/lib/system/libsystem_c.dylib
0x00007fff6c0c6000 	/usr/lib/system/libsystem_configuration.dylib
0x00007fff6c0ca000 	/usr/lib/system/libsystem_coreservices.dylib
0x00007fff6c0ce000 	/usr/lib/system/libsystem_darwin.dylib
0x00007fff6c0d7000 	/usr/lib/system/libsystem_dnssd.dylib
0x00007fff6c0df000 	/usr/lib/system/libsystem_featureflags.dylib
0x00007fff6c0e1000 	/usr/lib/system/libsystem_info.dylib
0x00007fff6c15c000 	/usr/lib/system/libsystem_m.dylib
0x00007fff6c1a4000 	/usr/lib/system/libsystem_malloc.dylib
0x00007fff6c1cc000 	/usr/lib/system/libsystem_networkextension.dylib
0x00007fff6c1da000 	/usr/lib/system/libsystem_notify.dylib
0x00007fff6c1f8000 	/usr/lib/system/libsystem_sandbox.dylib
0x00007fff6c1fd000 	/usr/lib/system/libsystem_secinit.dylib
0x00007fff6c12f000 	/usr/lib/system/libsystem_kernel.dylib
0x00007fff6c1e4000 	/usr/lib/system/libsystem_platform.dylib
0x00007fff6c1ed000 	/usr/lib/system/libsystem_pthread.dylib
0x00007fff6c200000 	/usr/lib/system/libsystem_symptoms.dylib
0x00007fff6c208000 	/usr/lib/system/libsystem_trace.dylib
0x00007fff6c220000 	/usr/lib/system/libunwind.dylib
0x00007fff6c226000 	/usr/lib/system/libxpc.dylib
0x00007fff6930d000 	/usr/lib/libc++abi.dylib
0x00007fff6a111000 	/usr/lib/liblzma.5.dylib
0x00007fff69d8c000 	/usr/lib/libfakelink.dylib
0x00007fff690c6000 	/usr/lib/libarchive.2.dylib
0x00007fff3fb02000 	/System/Library/Frameworks/SystemConfiguration.framework/Versions/A/SystemConfiguration
0x00007fff68a31000 	/usr/lib/libCRFSuite.dylib
0x00007fff3097b000 	/System/Library/Frameworks/CFNetwork.framework/Versions/A/CFNetwork
0x00007fff6929c000 	/usr/lib/libbsm.0.dylib
0x00007fff6c00c000 	/usr/lib/system/libkxld.dylib
0x00007fff4589b000 	/System/Library/PrivateFrameworks/AppleFSCompression.framework/Versions/A/AppleFSCompression
0x00007fff69627000 	/usr/lib/libcoretls.dylib
0x00007fff6963e000 	/usr/lib/libcoretls_cfhelpers.dylib
0x00007fff6ae7a000 	/usr/lib/libpam.2.dylib
0x00007fff6afaf000 	/usr/lib/libsqlite3.dylib
0x00007fff6b3ee000 	/usr/lib/libxar.1.dylib
0x00007fff692ad000 	/usr/lib/libbz2.1.0.dylib
0x00007fff69dad000 	/usr/lib/libiconv.2.dylib
0x00007fff69323000 	/usr/lib/libcharset.1.dylib
0x00007fff6a917000 	/usr/lib/libnetwork.dylib
0x00007fff6ae81000 	/usr/lib/libpcap.A.dylib
0x00007fff6907b000 	/usr/lib/libapple_nghttp2.dylib
0x00007fff338a7000 	/System/Library/Frameworks/CoreServices.framework/Versions/A/Frameworks/FSEvents.framework/Versions/A/FSEvents
0x00007fff33577000 	/System/Library/Frameworks/CoreServices.framework/Versions/A/Frameworks/CarbonCore.framework/Versions/A/CarbonCore
0x00007fff33aeb000 	/System/Library/Frameworks/CoreServices.framework/Versions/A/Frameworks/Metadata.framework/Versions/A/Metadata
0x00007fff33b84000 	/System/Library/Frameworks/CoreServices.framework/Versions/A/Frameworks/OSServices.framework/Versions/A/OSServices
0x00007fff33bb2000 	/System/Library/Frameworks/CoreServices.framework/Versions/A/Frameworks/SearchKit.framework/Versions/A/SearchKit
0x00007fff334f1000 	/System/Library/Frameworks/CoreServices.framework/Versions/A/Frameworks/AE.framework/Versions/A/AE
0x00007fff338b0000 	/System/Library/Frameworks/CoreServices.framework/Versions/A/Frameworks/LaunchServices.framework/Versions/A/LaunchServices
0x00007fff33859000 	/System/Library/Frameworks/CoreServices.framework/Versions/A/Frameworks/DictionaryServices.framework/Versions/A/DictionaryServices
0x00007fff33c1a000 	/System/Library/Frameworks/CoreServices.framework/Versions/A/Frameworks/SharedFileList.framework/Versions/A/SharedFileList
0x00007fff38aa1000 	/System/Library/Frameworks/NetFS.framework/Versions/A/NetFS
0x00007fff595aa000 	/System/Library/PrivateFrameworks/NetAuth.framework/Versions/A/NetAuth
0x00007fff65f11000 	/System/Library/PrivateFrameworks/login.framework/Versions/A/Frameworks/loginsupport.framework/Versions/A/loginsupport
0x00007fff6282f000 	/System/Library/PrivateFrameworks/TCC.framework/Versions/A/TCC
0x00007fff4a4c0000 	/System/Library/PrivateFrameworks/CoreNLP.framework/Versions/A/CoreNLP
0x00007fff58aa7000 	/System/Library/PrivateFrameworks/MetadataUtilities.framework/Versions/A/MetadataUtilities
0x00007fff6a1e9000 	/usr/lib/libmecabra.dylib
0x00007fff6a141000 	/usr/lib/libmecab.dylib
0x00007fff69d9d000 	/usr/lib/libgermantok.dylib
0x00007fff69062000 	/usr/lib/libThaiTokenizer.dylib
0x00007fff68a68000 	/usr/lib/libChineseTokenizer.dylib
0x00007fff2ddac000 	/System/Library/Frameworks/Accelerate.framework/Versions/A/Frameworks/vImage.framework/Versions/A/vImage
0x00007fff2f216000 	/System/Library/Frameworks/Accelerate.framework/Versions/A/Frameworks/vecLib.framework/Versions/A/vecLib
0x00007fff2f153000 	/System/Library/Frameworks/Accelerate.framework/Versions/A/Frameworks/vecLib.framework/Versions/A/libvMisc.dylib
0x00007fff2ef7b000 	/System/Library/Frameworks/Accelerate.framework/Versions/A/Frameworks/vecLib.framework/Versions/A/libvDSP.dylib
0x00007fff2e403000 	/System/Library/Frameworks/Accelerate.framework/Versions/A/Frameworks/vecLib.framework/Versions/A/libBLAS.dylib
0x00007fff2eb3f000 	/System/Library/Frameworks/Accelerate.framework/Versions/A/Frameworks/vecLib.framework/Versions/A/libLAPACK.dylib
0x00007fff2eedb000 	/System/Library/Frameworks/Accelerate.framework/Versions/A/Frameworks/vecLib.framework/Versions/A/libLinearAlgebra.dylib
0x00007fff2ef68000 	/System/Library/Frameworks/Accelerate.framework/Versions/A/Frameworks/vecLib.framework/Versions/A/libSparseBLAS.dylib
0x00007fff2eef1000 	/System/Library/Frameworks/Accelerate.framework/Versions/A/Frameworks/vecLib.framework/Versions/A/libQuadrature.dylib
0x00007fff2e66b000 	/System/Library/Frameworks/Accelerate.framework/Versions/A/Frameworks/vecLib.framework/Versions/A/libBNNS.dylib
0x00007fff2eef7000 	/System/Library/Frameworks/Accelerate.framework/Versions/A/Frameworks/vecLib.framework/Versions/A/libSparse.dylib
0x00007fff5761d000 	/System/Library/PrivateFrameworks/LanguageModeling.framework/Versions/A/LanguageModeling
0x00007fff49e70000 	/System/Library/PrivateFrameworks/CoreEmoji.framework/Versions/A/CoreEmoji
0x00007fff5773b000 	/System/Library/PrivateFrameworks/LinguisticData.framework/Versions/A/LinguisticData
0x00007fff576ec000 	/System/Library/PrivateFrameworks/Lexicon.framework/Versions/A/Lexicon
0x00007fff69324000 	/usr/lib/libcmph.dylib
0x00007fff3b68f000 	/System/Library/Frameworks/OpenDirectory.framework/Versions/A/Frameworks/CFOpenDirectory.framework/Versions/A/CFOpenDirectory
0x00007fff3b6ac000 	/System/Library/Frameworks/OpenDirectory.framework/Versions/A/OpenDirectory
0x00007fff43ad1000 	/System/Library/PrivateFrameworks/APFS.framework/Versions/A/APFS
0x00007fff3ed9b000 	/System/Library/Frameworks/SecurityFoundation.framework/Versions/A/SecurityFoundation
0x00007fff6b3ea000 	/usr/lib/libutil.dylib
0x00007fff4b3a5000 	/System/Library/PrivateFrameworks/CoreServicesStore.framework/Versions/A/CoreServicesStore
0x00007fff3ee52000 	/System/Library/Frameworks/ServiceManagement.framework/Versions/A/ServiceManagement
0x00007fff4706a000 	/System/Library/PrivateFrameworks/BackgroundTaskManagement.framework/Versions/A/BackgroundTaskManagement
0x00007fff6b4e7000 	/usr/lib/libxslt.1.dylib
0x00007fff45f0e000 	/System/Library/PrivateFrameworks/AppleSystemInfo.framework/Versions/A/AppleSystemInfo
0x00007fff3524d000 	/System/Library/Frameworks/ImageIO.framework/Versions/A/Resources/libJPEG.dylib
0x00007fff35509000 	/System/Library/Frameworks/ImageIO.framework/Versions/A/Resources/libTIFF.dylib
0x00007fff354ec000 	/System/Library/Frameworks/ImageIO.framework/Versions/A/Resources/libPng.dylib
0x00007fff3518f000 	/System/Library/Frameworks/ImageIO.framework/Versions/A/Resources/libGIF.dylib
0x00007fff35193000 	/System/Library/Frameworks/ImageIO.framework/Versions/A/Resources/libJP2.dylib
0x00007fff35507000 	/System/Library/Frameworks/ImageIO.framework/Versions/A/Resources/libRadiance.dylib
0x00007fff69d66000 	/usr/lib/libexpat.1.dylib
0x00007fff459f6000 	/System/Library/PrivateFrameworks/AppleJPEG.framework/Versions/A/AppleJPEG
0x00007fff4e68e000 	/System/Library/PrivateFrameworks/FontServices.framework/libFontParser.dylib
0x00007fff64f16000 	/System/Library/PrivateFrameworks/WatchdogClient.framework/Versions/A/WatchdogClient
0x00007fff56c78000 	/System/Library/PrivateFrameworks/IOAccelerator.framework/Versions/A/IOAccelerator
0x00007fff37a19000 	/System/Library/Frameworks/MetalPerformanceShaders.framework/Versions/A/MetalPerformanceShaders
0x00007fff5340f000 	/System/Library/PrivateFrameworks/GPUWrangler.framework/Versions/A/GPUWrangler
0x00007fff56c8d000 	/System/Library/PrivateFrameworks/IOPresentment.framework/Versions/A/IOPresentment
0x00007fff4bf22000 	/System/Library/PrivateFrameworks/DSExternalDisplay.framework/Versions/A/DSExternalDisplay
0x00007fff3c020000 	/System/Library/Frameworks/OpenGL.framework/Versions/A/Libraries/libCoreFSCache.dylib
0x00007fff37765000 	/System/Library/Frameworks/MetalPerformanceShaders.framework/Frameworks/MPSCore.framework/Versions/A/MPSCore
0x00007fff377a3000 	/System/Library/Frameworks/MetalPerformanceShaders.framework/Frameworks/MPSImage.framework/Versions/A/MPSImage
0x00007fff3786a000 	/System/Library/Frameworks/MetalPerformanceShaders.framework/Frameworks/MPSNeuralNetwork.framework/Versions/A/MPSNeuralNetwork
0x00007fff3782e000 	/System/Library/Frameworks/MetalPerformanceShaders.framework/Frameworks/MPSMatrix.framework/Versions/A/MPSMatrix
0x00007fff379c9000 	/System/Library/Frameworks/MetalPerformanceShaders.framework/Frameworks/MPSRayIntersector.framework/Versions/A/MPSRayIntersector
0x00007fff37854000 	/System/Library/Frameworks/MetalPerformanceShaders.framework/Frameworks/MPSNDArray.framework/Versions/A/MPSNDArray
0x00007fff58af4000 	/System/Library/PrivateFrameworks/MetalTools.framework/Versions/A/MetalTools
0x00007fff44ca6000 	/System/Library/PrivateFrameworks/AggregateDictionary.framework/Versions/A/AggregateDictionary
0x00007fff498ba000 	/System/Library/PrivateFrameworks/CoreAnalytics.framework/Versions/A/CoreAnalytics
0x00007fff45e2d000 	/System/Library/PrivateFrameworks/AppleSauce.framework/Versions/A/AppleSauce
0x00007fff68d24000 	/usr/lib/libIOReport.dylib
0x00007fff3411b000 	/System/Library/Frameworks/CoreVideo.framework/Versions/A/CoreVideo
0x00007fff54889000 	/System/Library/PrivateFrameworks/GraphVisualizer.framework/Versions/A/GraphVisualizer
0x00007fff4dbd5000 	/System/Library/PrivateFrameworks/FaceCore.framework/Versions/A/FaceCore
0x00007fff3b636000 	/System/Library/Frameworks/OpenCL.framework/Versions/A/OpenCL
0x00007fff68b46000 	/usr/lib/libFosl_dynamic.dylib
0x00007fff59fca000 	/System/Library/PrivateFrameworks/OTSVG.framework/Versions/A/OTSVG
0x00007fff302d5000 	/System/Library/Frameworks/ApplicationServices.framework/Versions/A/Frameworks/ATS.framework/Versions/A/Resources/libFontRegistry.dylib
0x00007fff4e860000 	/System/Library/PrivateFrameworks/FontServices.framework/libhvf.dylib
0x00007fff3c02b000 	/System/Library/Frameworks/OpenGL.framework/Versions/A/Libraries/libGFXShared.dylib
0x00007fff3c209000 	/System/Library/Frameworks/OpenGL.framework/Versions/A/Libraries/libGLU.dylib
0x00007fff3c034000 	/System/Library/Frameworks/OpenGL.framework/Versions/A/Libraries/libGL.dylib
0x00007fff3c03f000 	/System/Library/Frameworks/OpenGL.framework/Versions/A/Libraries/libGLImage.dylib
0x00007fff3c01d000 	/System/Library/Frameworks/OpenGL.framework/Versions/A/Libraries/libCVMSPluginSupport.dylib
0x00007fff3c026000 	/System/Library/Frameworks/OpenGL.framework/Versions/A/Libraries/libCoreVMClient.dylib
0x00007fff6a7b8000 	/usr/lib/libncurses.5.4.dylib
0x00007fff301d1000 	/System/Library/Frameworks/ApplicationServices.framework/Versions/A/Frameworks/ATS.framework/Versions/A/ATS
0x00007fff3039e000 	/System/Library/Frameworks/ApplicationServices.framework/Versions/A/Frameworks/ColorSyncLegacy.framework/Versions/A/ColorSyncLegacy
0x00007fff3043c000 	/System/Library/Frameworks/ApplicationServices.framework/Versions/A/Frameworks/HIServices.framework/Versions/A/HIServices
0x00007fff30494000 	/System/Library/Frameworks/ApplicationServices.framework/Versions/A/Frameworks/LangAnalysis.framework/Versions/A/LangAnalysis
0x00007fff304a3000 	/System/Library/Frameworks/ApplicationServices.framework/Versions/A/Frameworks/PrintCore.framework/Versions/A/PrintCore
0x00007fff304e9000 	/System/Library/Frameworks/ApplicationServices.framework/Versions/A/Frameworks/QD.framework/Versions/A/QD
0x00007fff304f4000 	/System/Library/Frameworks/ApplicationServices.framework/Versions/A/Frameworks/SpeechSynthesis.framework/Versions/A/SpeechSynthesis
0x00007fff3036e000 	/System/Library/Frameworks/ApplicationServices.framework/Versions/A/Frameworks/ATSUI.framework/Versions/A/ATSUI
0x00007fff69bfc000 	/usr/lib/libcups.2.dylib
0x00007fff36ab4000 	/System/Library/Frameworks/Kerberos.framework/Versions/A/Kerberos
0x00007fff34bf5000 	/System/Library/Frameworks/GSS.framework/Versions/A/GSS
0x00007fff6af3b000 	/usr/lib/libresolv.9.dylib
0x00007fff54a36000 	/System/Library/PrivateFrameworks/Heimdal.framework/Versions/A/Heimdal
0x00007fff36ac7000 	/System/Library/Frameworks/Kerberos.framework/Versions/A/Libraries/libHeimdalProxy.dylib
0x00007fff69da3000 	/usr/lib/libheimdal-asn1.dylib
0x00007fff48d55000 	/System/Library/PrivateFrameworks/CommonAuth.framework/Versions/A/CommonAuth
0x00007fff45fab000 	/System/Library/PrivateFrameworks/AssertionServices.framework/Versions/A/AssertionServices
0x00007fff46b4d000 	/System/Library/PrivateFrameworks/AudioToolboxCore.framework/Versions/A/AudioToolboxCore
0x00007fff65bc1000 	/System/Library/PrivateFrameworks/caulk.framework/Versions/A/caulk
0x00007fff47116000 	/System/Library/PrivateFrameworks/BaseBoard.framework/Versions/A/BaseBoard
0x00007fff5e221000 	/System/Library/PrivateFrameworks/RunningBoardServices.framework/Versions/A/RunningBoardServices
0x00007fff5b235000 	/System/Library/PrivateFrameworks/PersistentConnection.framework/Versions/A/PersistentConnection
0x00007fff5dc1b000 	/System/Library/PrivateFrameworks/ProtocolBuffer.framework/Versions/A/ProtocolBuffer
0x00007fff48d79000 	/System/Library/PrivateFrameworks/CommonUtilities.framework/Versions/A/CommonUtilities
0x00007fff472a4000 	/System/Library/PrivateFrameworks/Bom.framework/Versions/A/Bom
0x00007fff689f7000 	/usr/lib/libAudioToolboxUtility.dylib
0x00007fff47074000 	/System/Library/PrivateFrameworks/Backup.framework/Versions/A/Backup
0x00007fff4be43000 	/System/Library/PrivateFrameworks/CrashReporterSupport.framework/Versions/A/CrashReporterSupport
0x00007fff5fcb2000 	/System/Library/PrivateFrameworks/Sharing.framework/Versions/A/Sharing
0x00007fff455b9000 	/System/Library/PrivateFrameworks/Apple80211.framework/Versions/A/Apple80211
0x00007fff46d91000 	/System/Library/PrivateFrameworks/AuthKit.framework/Versions/A/AuthKit
0x00007fff4bb53000 	/System/Library/PrivateFrameworks/CoreUtils.framework/Versions/A/CoreUtils
0x00007fff34160000 	/System/Library/Frameworks/CoreWLAN.framework/Versions/A/CoreWLAN
0x00007fff34d82000 	/System/Library/Frameworks/IOBluetooth.framework/Versions/A/IOBluetooth
0x00007fff58df9000 	/System/Library/PrivateFrameworks/MobileKeyBag.framework/Versions/A/MobileKeyBag
0x00007fff4a958000 	/System/Library/PrivateFrameworks/CorePhoneNumbers.framework/Versions/A/CorePhoneNumbers
0x00007fff459a9000 	/System/Library/PrivateFrameworks/AppleIDAuthSupport.framework/Versions/A/AppleIDAuthSupport
0x00007fff38aae000 	/System/Library/Frameworks/Network.framework/Versions/A/Network
0x00007fff574c9000 	/System/Library/PrivateFrameworks/KeychainCircle.framework/Versions/A/KeychainCircle
0x00007fff31bb4000 	/System/Library/Frameworks/CoreBluetooth.framework/Versions/A/CoreBluetooth
0x00007fff61d2f000 	/System/Library/PrivateFrameworks/SpeechRecognitionCore.framework/Versions/A/SpeechRecognitionCore
0x00007fff251d4000 	/System/Library/CoreServices/Encodings/libSimplifiedChineseConverter.dylib
0x0000000106a00000 	/usr/local/jdk-11.0.7.jdk/Contents/Home/lib/server/libjvm.dylib
0x0000000105990000 	/usr/local/jdk-11.0.7.jdk/Contents/Home/lib/libverify.dylib
0x00000001059a0000 	/usr/local/jdk-11.0.7.jdk/Contents/Home/lib/libjava.dylib
0x00000001059d3000 	/usr/local/jdk-11.0.7.jdk/Contents/Home/lib/libjimage.dylib
0x00000001077c3000 	/usr/local/jdk-11.0.7.jdk/Contents/Home/lib/libinstrument.dylib
0x00000001059e9000 	/usr/local/jdk-11.0.7.jdk/Contents/Home/lib/libzip.dylib
0x00000001130cb000 	/usr/local/jdk-11.0.7.jdk/Contents/Home/lib/libnio.dylib
0x00000001130dd000 	/usr/local/jdk-11.0.7.jdk/Contents/Home/lib/libnet.dylib
0x00000001130f7000 	/usr/local/jdk-11.0.7.jdk/Contents/Home/lib/libextnet.dylib
0x00000001132fe000 	/usr/local/jdk-11.0.7.jdk/Contents/Home/lib/libmanagement.dylib
0x0000000113308000 	/usr/local/jdk-11.0.7.jdk/Contents/Home/lib/libmanagement_ext.dylib
0x0000000113313000 	/Users/lengo/Library/Caches/JNA/temp/jna10497100981128742419.tmp
0x00007fff36aaf000 	/System/Library/Frameworks/JavaVM.framework/Versions/A/JavaVM
0x00007fff572e0000 	/System/Library/PrivateFrameworks/JavaLaunching.framework/Versions/A/JavaLaunching
0x0000000113329000 	/Users/lengo/Library/Java/Extensions/libSimrank.dylib
0x000000011339a000 	/usr/local/lib/libarmadillo.10.2.1.dylib


VM Arguments:
jvm_args: -ea -Didea.test.cyclic.buffer.size=1048576 -javaagent:/Applications/IntelliJ IDEA.app/Contents/lib/idea_rt.jar=54869:/Applications/IntelliJ IDEA.app/Contents/bin -Dfile.encoding=UTF-8 
java_command: com.intellij.rt.junit.JUnitStarter -ideVersion5 -junit5 top.chendaye666.simrank.SearchTests,search
java_class_path (initial): /Applications/IntelliJ IDEA.app/Contents/lib/idea_rt.jar:/Applications/IntelliJ IDEA.app/Contents/plugins/junit/lib/junit5-rt.jar:/Applications/IntelliJ IDEA.app/Contents/plugins/junit/lib/junit-rt.jar:/Users/lengo/code/graduate_neo4j/procedure/target/test-classes:/Users/lengo/code/graduate_neo4j/procedure/target/classes:/Users/lengo/.m2/repository/org/neo4j/neo4j/4.2.1/neo4j-4.2.1.jar:/Users/lengo/.m2/repository/org/neo4j/annotations/4.2.1/annotations-4.2.1.jar:/Users/lengo/.m2/repository/org/eclipse/collections/eclipse-collections/10.3.0/eclipse-collections-10.3.0.jar:/Users/lengo/.m2/repository/org/eclipse/collections/eclipse-collections-api/10.3.0/eclipse-collections-api-10.3.0.jar:/Users/lengo/.m2/repository/org/apache/commons/commons-lang3/3.10/commons-lang3-3.10.jar:/Users/lengo/.m2/repository/org/neo4j/neo4j-kernel/4.2.1/neo4j-kernel-4.2.1.jar:/Users/lengo/.m2/repository/org/neo4j/neo4j-native/4.2.1/neo4j-native-4.2.1.jar:/Users/lengo/.m2/repository/net/java/dev/jna/jna/5.6.0/jna-5.6.0.jar:/Users/lengo/.m2/repository/org/neo4j/neo4j-graphdb-api/4.2.1/neo4j-graphdb-api-4.2.1.jar:/Users/lengo/.m2/repository/org/neo4j/neo4j-storage-engine-api/4.2.1/neo4j-storage-engine-api-4.2.1.jar:/Users/lengo/.m2/repository/org/neo4j/neo4j-lock/4.2.1/neo4j-lock-4.2.1.jar:/Users/lengo/.m2/repository/org/neo4j/neo4j-diagnostics/4.2.1/neo4j-diagnostics-4.2.1.jar:/Users/lengo/.m2/repository/org/neo4j/neo4j-token-api/4.2.1/neo4j-token-api-4.2.1.jar:/Users/lengo/.m2/repository/org/neo4j/neo4j-schema/4.2.1/neo4j-schema-4.2.1.jar:/Users/lengo/.m2/repository/org/neo4j/neo4j-monitoring/4.2.1/neo4j-monitoring-4.2.1.jar:/Users/lengo/.m2/repository/org/neo4j/neo4j-kernel-api/4.2.1/neo4j-kernel-api-4.2.1.jar:/Users/lengo/.m2/repository/org/neo4j/neo4j-common/4.2.1/neo4j-common-4.2.1.jar:/Users/lengo/.m2/repository/org/neo4j/neo4j-values/4.2.1/neo4j-values-4.2.1.jar:/Users/lengo/.m2/repository/org/neo4j/neo4j-unsafe/4.2.1/neo4j-unsafe-4.2.1.jar:/Users/lengo/.m2
Launcher Type: SUN_STANDARD

[Global flags]
     intx CICompilerCount                          = 4                                         {product} {ergonomic}
     uint ConcGCThreads                            = 2                                         {product} {ergonomic}
     uint G1ConcRefinementThreads                  = 8                                         {product} {ergonomic}
   size_t G1HeapRegionSize                         = 1048576                                   {product} {ergonomic}
    uintx GCDrainStackTargetSize                   = 64                                        {product} {ergonomic}
   size_t InitialHeapSize                          = 201326592                                 {product} {ergonomic}
   size_t MarkStackSize                            = 4194304                                   {product} {ergonomic}
   size_t MaxHeapSize                              = 3221225472                                {product} {ergonomic}
   size_t MaxNewSize                               = 1932525568                                {product} {ergonomic}
   size_t MinHeapDeltaBytes                        = 1048576                                   {product} {ergonomic}
    uintx NonNMethodCodeHeapSize                   = 5836300                                {pd product} {ergonomic}
    uintx NonProfiledCodeHeapSize                  = 122910970                              {pd product} {ergonomic}
    uintx ProfiledCodeHeapSize                     = 122910970                              {pd product} {ergonomic}
    uintx ReservedCodeCacheSize                    = 251658240                              {pd product} {ergonomic}
     bool SegmentedCodeCache                       = true                                      {product} {ergonomic}
     bool UseCompressedClassPointers               = true                                 {lp64_product} {ergonomic}
     bool UseCompressedOops                        = true                                 {lp64_product} {ergonomic}
     bool UseG1GC                                  = true                                      {product} {ergonomic}

Logging:
Log output configuration:
 #0: stdout all=warning uptime,level,tags
 #1: stderr all=off uptime,level,tags

Environment Variables:
JAVA_HOME=/Users/lengo/.jenv/versions/11
CLASSPATH=/usr/local/sqoop/lib:
PATH=/Users/lengo/.jenv/shims:/Users/lengo/.jenv/bin:/Users/lengo/.jenv/shims:/usr/local/sbin:/usr/local/bin:/usr/local/sbt/bin:/usr/local/sqoop/bin:/usr/local/flume/bin:/usr/local/hbase/bin:/usr/local/scala/bin:/usr/local/hadoop/bin:/usr/local/hadoop/sbin:/usr/local/spark/bin:/usr/local/spark/sbin:/usr/local/hive/bin:/bin:/usr/local/sbt/bin:/usr/local/mysql-5.7.30-macos10.14-x86_64/bin:/usr/local/kafka/bin:/usr/local/maven/bin:/usr/local/zookeeper/bin:/usr/local/bin:/usr/bin:/bin:/usr/sbin:/sbin:/Library/Frameworks/Mono.framework/Versions/Current/Commands
SHELL=/bin/zsh

Signal Handlers:
SIGSEGV: [libjvm.dylib+0x786f82], sa_mask[0]=11111111011111110111111111111111, sa_flags=SA_ONSTACK|SA_RESTART|SA_SIGINFO
SIGBUS: [libjvm.dylib+0x786f82], sa_mask[0]=11111111011111110111111111111111, sa_flags=SA_RESTART|SA_SIGINFO
SIGFPE: [libjvm.dylib+0x786f82], sa_mask[0]=11111111011111110111111111111111, sa_flags=SA_RESTART|SA_SIGINFO
SIGPIPE: [libjvm.dylib+0x638c2f], sa_mask[0]=11111111011111110111111111111111, sa_flags=SA_RESTART|SA_SIGINFO
SIGXFSZ: [libjvm.dylib+0x638c2f], sa_mask[0]=11111111011111110111111111111111, sa_flags=SA_RESTART|SA_SIGINFO
SIGILL: [libjvm.dylib+0x786f82], sa_mask[0]=11111111011111110111111111111111, sa_flags=SA_RESTART|SA_SIGINFO
SIGUSR2: [libjvm.dylib+0x639219], sa_mask[0]=00100000000000000000000000000000, sa_flags=SA_RESTART|SA_SIGINFO
SIGHUP: [libjvm.dylib+0x637c77], sa_mask[0]=11111111011111110111111111111111, sa_flags=SA_RESTART|SA_SIGINFO
SIGINT: [libjvm.dylib+0x637c77], sa_mask[0]=11111111011111110111111111111111, sa_flags=SA_RESTART|SA_SIGINFO
SIGTERM: [libjvm.dylib+0x637c77], sa_mask[0]=11111111011111110111111111111111, sa_flags=SA_RESTART|SA_SIGINFO
SIGQUIT: [libjvm.dylib+0x637c77], sa_mask[0]=11111111011111110111111111111111, sa_flags=SA_RESTART|SA_SIGINFO


---------------  S Y S T E M  ---------------

OS:uname:Darwin 19.5.0 Darwin Kernel Version 19.5.0: Thu Apr 30 18:25:59 PDT 2020; root:xnu-6153.121.1~7/RELEASE_X86_64 x86_64
rlimit: STACK 8192k, CORE 0k, NPROC 2088, NOFILE 10240, AS infinity, DATA infinity, FSIZE infinity
load average:4.19 2.30 1.95

CPU:total 8 (initial active 8) (4 cores per cpu, 2 threads per core) family 6 model 142 stepping 10, cmov, cx8, fxsr, mmx, sse, sse2, sse3, ssse3, sse4.1, sse4.2, popcnt, avx, avx2, aes, clmul, erms, 3dnowpref, lzcnt, ht, tsc, tscinvbit, bmi1, bmi2, adx, fma

Memory: 4k page, physical 12582912k(440992k free)

vm_info: Java HotSpot(TM) 64-Bit Server VM (11.0.7+8-LTS) for bsd-amd64 JRE (11.0.7+8-LTS), built on Mar 12 2020 01:06:42 by "mach5one" with gcc 4.2.1 Compatible Apple LLVM 10.0.0 (clang-1000.11.45.5)

END.
